<?xml version="1.0" encoding="UTF-8"?>
<!-- Generated by org.testng.reporters.JUnitXMLReporter -->
<testsuite ignored="0" hostname="LTIN407945" failures="0" tests="4" name="Multis_Order" time="6704.506" errors="0" timestamp="2023-03-08T13:42:08 IST">
  <testcase classname="WMS_Mult_Ord_Batch_4.WMS_Multi_Gift_Card" name="orderAllocation" time="2484.973"/>
  <testcase classname="WMS_Mult_Ord_Batch_4.WMS_Multiple_Bag_Generate_Cartons" name="orderAllocation" time="570.756"/>
  <testcase classname="WMS_Mult_Ord_Batch_4.WMS_Multis_Export_Orders" name="orderAllocation" time="1075.047"/>
  <testcase classname="WMS_Mult_Ord_Batch_4.WMS_Multis_Gift_Wrap" name="orderAllocation" time="2442.711"/>
</testsuite> <!-- Multis_Order -->
