<?xml version="1.0" encoding="UTF-8"?>
<!-- Generated by org.testng.reporters.JUnitXMLReporter -->
<testsuite ignored="0" hostname="LTIN407945" failures="2" tests="9" name="Inventory" time="2840.238" errors="0" timestamp="2023-01-31T13:27:31 IST">
  <testcase classname="WMS_InvCont_Batch_2.WMS_Add_Condition_Code" name="addAndRemoveCondition" time="173.141"/>
  <testcase classname="WMS_InvCont_Batch_2.WMS_Blind_Receiving" name="cycleCountUserDirec" time="326.097"/>
  <testcase classname="WMS_InvCont_Batch_2.WMS_Clock_In" name="addAndRemoveCondition" time="66.358"/>
  <testcase classname="WMS_InvCont_Batch_2.WMS_Cycle_Count_userdirected" name="cycleCountUserDirec" time="453.534">
    <failure type="org.openqa.selenium.TimeoutException" message="Expected condition failed: waiting for visibility of [[ChromeDriver: chrome on WINDOWS (12ce2e8d447a8dbe9e81bf9563372828)] -&amp;gt; xpath: //input[@name=&amp;apos;ion-input-0&amp;apos;]] (tried for 30 second(s) with 500 milliseconds interval)
Build info: version: &amp;apos;3.141.59&amp;apos;, revision: &amp;apos;e82be7d358&amp;apos;, time: &amp;apos;2018-11-14T08:17:03&amp;apos;
System info: host: &amp;apos;LTIN407945&amp;apos;, ip: &amp;apos;192.168.0.116&amp;apos;, os.name: &amp;apos;Windows 10&amp;apos;, os.arch: &amp;apos;amd64&amp;apos;, os.version: &amp;apos;10.0&amp;apos;, java.version: &amp;apos;15.0.2&amp;apos;
Driver info: org.openqa.selenium.chrome.ChromeDriver
Capabilities {acceptInsecureCerts: false, browserName: chrome, browserVersion: 107.0.5304.107, chrome: {chromedriverVersion: 107.0.5304.62 (1eec40d3a576..., userDataDir: C:\Users\311610\AppData\Loc...}, goog:chromeOptions: {debuggerAddress: localhost:61307}, javascriptEnabled: true, networkConnectionEnabled: false, pageLoadStrategy: normal, platform: WINDOWS, platformName: WINDOWS, proxy: Proxy(), setWindowRect: true, strictFileInteractability: false, timeouts: {implicit: 0, pageLoad: 300000, script: 30000}, unhandledPromptBehavior: dismiss and notify, webauthn:extension:credBlob: true, webauthn:extension:largeBlob: true, webauthn:virtualAuthenticators: true}
Session ID: 12ce2e8d447a8dbe9e81bf9563372828">
      <![CDATA[org.openqa.selenium.TimeoutException: Expected condition failed: waiting for visibility of [[ChromeDriver: chrome on WINDOWS (12ce2e8d447a8dbe9e81bf9563372828)] -> xpath: //input[@name='ion-input-0']] (tried for 30 second(s) with 500 milliseconds interval)
Build info: version: '3.141.59', revision: 'e82be7d358', time: '2018-11-14T08:17:03'
System info: host: 'LTIN407945', ip: '192.168.0.116', os.name: 'Windows 10', os.arch: 'amd64', os.version: '10.0', java.version: '15.0.2'
Driver info: org.openqa.selenium.chrome.ChromeDriver
Capabilities {acceptInsecureCerts: false, browserName: chrome, browserVersion: 107.0.5304.107, chrome: {chromedriverVersion: 107.0.5304.62 (1eec40d3a576..., userDataDir: C:\Users\311610\AppData\Loc...}, goog:chromeOptions: {debuggerAddress: localhost:61307}, javascriptEnabled: true, networkConnectionEnabled: false, pageLoadStrategy: normal, platform: WINDOWS, platformName: WINDOWS, proxy: Proxy(), setWindowRect: true, strictFileInteractability: false, timeouts: {implicit: 0, pageLoad: 300000, script: 30000}, unhandledPromptBehavior: dismiss and notify, webauthn:extension:credBlob: true, webauthn:extension:largeBlob: true, webauthn:virtualAuthenticators: true}
Session ID: 12ce2e8d447a8dbe9e81bf9563372828
at org.openqa.selenium.support.ui.WebDriverWait.timeoutException(WebDriverWait.java:95)
at org.openqa.selenium.support.ui.FluentWait.until(FluentWait.java:272)
at com.WMS_ApplicationPages.WMS_DashboardPage.enterMenuSearch(WMS_DashboardPage.java:260)
at WMS_InvCont_Batch_2.WMS_Cycle_Count_userdirected.cycleCountUserDirec(WMS_Cycle_Count_userdirected.java:244)
at java.base/java.util.ArrayList.forEach(ArrayList.java:1511)
... Removed 27 stack frames]]>
    </failure>
  </testcase> <!-- cycleCountUserDirec -->
  <testcase classname="WMS_InvCont_Batch_2.WMS_Cycle_Recounts" name="cycleCountUserDirec" time="892.732"/>
  <testcase classname="WMS_InvCont_Batch_2.WMS_Negative_Adjusment" name="cycleCountUserDirec" time="134.187">
    <failure type="java.lang.NullPointerException" message="Cannot invoke &amp;quot;String.replace(java.lang.CharSequence, java.lang.CharSequence)&amp;quot; because the return value of &amp;quot;com.WMS_ApplicationPages.WMS_WVMobilePage.getText(org.openqa.selenium.WebElement)&amp;quot; is null">
      <![CDATA[java.lang.NullPointerException: Cannot invoke "String.replace(java.lang.CharSequence, java.lang.CharSequence)" because the return value of "com.WMS_ApplicationPages.WMS_WVMobilePage.getText(org.openqa.selenium.WebElement)" is null
at com.WMS_ApplicationPages.WMS_WVMobilePage.reduceQty(WMS_WVMobilePage.java:1784)
at WMS_InvCont_Batch_2.WMS_Negative_Adjusment.cycleCountUserDirec(WMS_Negative_Adjusment.java:184)
at java.base/java.util.ArrayList.forEach(ArrayList.java:1511)
... Removed 27 stack frames]]>
    </failure>
  </testcase> <!-- cycleCountUserDirec -->
  <testcase classname="WMS_InvCont_Batch_2.WMS_Positive_Adjusments" name="cycleCountUserDirec" time="332.793"/>
  <testcase classname="WMS_InvCont_Batch_2.WMS_ClockOut" name="addAndRemoveCondition" time="65.616"/>
  <testcase classname="WMS_InvCont_Batch_2.WMS_Remove_Condition_Code" name="addAndRemoveCondition" time="225.296"/>
</testsuite> <!-- Inventory -->
