<?xml version="1.0" encoding="UTF-8"?>
<!-- Generated by org.testng.reporters.JUnitXMLReporter -->
<testsuite ignored="0" hostname="LTIN407945" failures="0" tests="7" name="Single_Orders" time="6511.111" errors="0" timestamp="2023-03-07T17:32:36 IST">
  <testcase classname="WMS_SingsOrd_Batch_3.WMS_Single_Bag_GC" name="orderAllocation" time="66.918"/>
  <testcase classname="WMS_SingsOrd_Batch_3.WMS_Single_Export" name="orderAllocation" time="2162.369"/>
  <testcase classname="WMS_SingsOrd_Batch_3.WMS_Single_Gift_Wrap" name="orderAllocation" time="2375.752"/>
  <testcase classname="WMS_SingsOrd_Batch_3.WMS_SingleBag_Pack_One" name="orderAllocation" time="175.962"/>
  <testcase classname="WMS_SingsOrd_Batch_3.WMS_SingleBag_Pack_Two" name="orderAllocation" time="1197.329"/>
  <testcase classname="WMS_SingsOrd_Batch_3.WMS_SingleBag_Pack_Three" name="orderAllocation" time="145.495"/>
  <testcase classname="WMS_SingsOrd_Batch_3.WMS_Singles_GiftCard_Order" name="orderAllocation" time="200.378"/>
</testsuite> <!-- Single_Orders -->
