<?xml version="1.0" encoding="UTF-8"?>
<!-- Generated by org.testng.reporters.JUnitXMLReporter -->
<testsuite ignored="0" hostname="BYODIIcU3lIgowY" failures="1" tests="1" name="FGCG" time="0.938" errors="0" timestamp="2023-06-19T11:48:06 IST">
  <testcase classname="WMS_Valid_Batch_7.WMS_FGCG_Rateshop_Validation" name="orderAllocation" time="0.0">
    <failure type="java.lang.RuntimeException" message="java.lang.NullPointerException: Cannot invoke &amp;quot;org.apache.poi.xssf.usermodel.XSSFCell.getStringCellValue()&amp;quot; because the return value of &amp;quot;org.apache.poi.xssf.usermodel.XSSFRow.getCell(int)&amp;quot; is null">
      <![CDATA[java.lang.RuntimeException: java.lang.NullPointerException: Cannot invoke "org.apache.poi.xssf.usermodel.XSSFCell.getStringCellValue()" because the return value of "org.apache.poi.xssf.usermodel.XSSFRow.getCell(int)" is null
at java.base/java.util.ArrayList.forEach(ArrayList.java:1511)
at java.base/java.util.concurrent.FutureTask.run(FutureTask.java:264)
at java.base/java.util.concurrent.ThreadPoolExecutor.runWorker(ThreadPoolExecutor.java:1136)
at java.base/java.util.concurrent.ThreadPoolExecutor$Worker.run(ThreadPoolExecutor.java:635)
at java.base/java.lang.Thread.run(Thread.java:833)
Caused by: java.lang.NullPointerException: Cannot invoke "org.apache.poi.xssf.usermodel.XSSFCell.getStringCellValue()" because the return value of "org.apache.poi.xssf.usermodel.XSSFRow.getCell(int)" is null
at resources.DataProviders.rateShopFEGC(DataProviders.java:1945)
... 19 more
... Removed 22 stack frames]]>
    </failure>
  </testcase> <!-- orderAllocation -->
</testsuite> <!-- FGCG -->
