<?xml version="1.0" encoding="UTF-8"?>
<!-- Generated by org.testng.reporters.JUnitXMLReporter -->
<testsuite ignored="0" hostname="LTIN405265" failures="0" tests="1" name="Multis_Order_5" time="0.124" errors="0" timestamp="2023-05-03T16:31:51 IST">
  <testcase classname="com.WMS_Utilities.WMS_TestBase" name="@AfterTest tearDown" time="0.001">
    <failure type="java.lang.NullPointerException" message="Cannot invoke &amp;quot;org.openqa.selenium.WebDriver.quit()&amp;quot; because &amp;quot;this.driver&amp;quot; is null">
      <![CDATA[java.lang.NullPointerException: Cannot invoke "org.openqa.selenium.WebDriver.quit()" because "this.driver" is null
at com.WMS_Utilities.WMS_TestBase.tearDown(WMS_TestBase.java:337)
at java.base/java.util.concurrent.FutureTask.run(FutureTask.java:317)
at java.base/java.util.concurrent.ThreadPoolExecutor.runWorker(ThreadPoolExecutor.java:1144)
at java.base/java.util.concurrent.ThreadPoolExecutor$Worker.run(ThreadPoolExecutor.java:642)
at java.base/java.lang.Thread.run(Thread.java:1623)
... Removed 13 stack frames]]>
    </failure>
  </testcase> <!-- @AfterTest tearDown -->
  <testcase classname="WMS_SingsOrd_Batch_3.WMS_SingleBag_Pack_Two" name="orderAllocation" time="0.0">
    <skipped/>
  </testcase> <!-- orderAllocation -->
</testsuite> <!-- Multis_Order_5 -->
