<?xml version="1.0" encoding="UTF-8"?>
<!-- Generated by org.testng.reporters.JUnitXMLReporter -->
<testsuite ignored="1" hostname="LTIN145403" failures="0" tests="0" time="0.041" errors="0" timestamp="2022-05-29T12:46:01 IST">
  <testcase classname="com.WMS_Utilities.WMS_TestBase" name="@AfterTest tearDown" time="0.0">
    <failure type="java.lang.NullPointerException" message="Cannot invoke &amp;quot;org.openqa.selenium.WebDriver.quit()&amp;quot; because &amp;quot;this.driver&amp;quot; is null">
      <![CDATA[java.lang.NullPointerException: Cannot invoke "org.openqa.selenium.WebDriver.quit()" because "this.driver" is null
at com.WMS_Utilities.WMS_TestBase.tearDown(WMS_TestBase.java:320)
... Removed 24 stack frames]]>
    </failure>
  </testcase> <!-- @AfterTest tearDown -->
  <testcase classname="WMS_InvCont_Batch_2.WMS_Add_And_Remove_Condition" name="addAndRemoveCondition" time="0.0">
    <ignored/>
  </testcase> <!-- addAndRemoveCondition -->
</testsuite>
