<?xml version="1.0" encoding="UTF-8"?>
<testng-results ignored="0" total="1" passed="1" failed="0" skipped="0">
  <reporter-output>
  </reporter-output>
  <suite started-at="2023-09-07T10:58:28 IST" name="Default suite" finished-at="2023-09-07T11:01:51 IST" duration-ms="203021">
    <groups>
      <group name="Inventory">
        <method signature="WMS_Add_Condition_Code.addAndRemoveCondition(java.lang.String)[pri:0, instance:WMS_InvCont_Batch_2.WMS_Add_Condition_Code@4bf48f6]" name="addAndRemoveCondition" class="WMS_InvCont_Batch_2.WMS_Add_Condition_Code"/>
      </group> <!-- Inventory -->
    </groups>
    <test started-at="2023-09-07T10:58:28 IST" name="Default test" finished-at="2023-09-07T11:01:51 IST" duration-ms="203021">
      <class name="WMS_InvCont_Batch_2.WMS_Add_Condition_Code">
        <test-method is-config="true" signature="CreateSummary()[pri:0, instance:WMS_InvCont_Batch_2.WMS_Add_Condition_Code@4bf48f6]" started-at="2023-09-07T10:58:28 IST" name="CreateSummary" finished-at="2023-09-07T10:58:28 IST" duration-ms="14" status="PASS">
          <reporter-output>
          </reporter-output>
        </test-method> <!-- CreateSummary -->
        <test-method is-config="true" signature="setUp()[pri:0, instance:WMS_InvCont_Batch_2.WMS_Add_Condition_Code@4bf48f6]" started-at="2023-09-07T10:58:29 IST" name="setUp" finished-at="2023-09-07T10:58:48 IST" duration-ms="18577" status="PASS">
          <reporter-output>
          </reporter-output>
        </test-method> <!-- setUp -->
        <test-method signature="addAndRemoveCondition(java.lang.String)[pri:0, instance:WMS_InvCont_Batch_2.WMS_Add_Condition_Code@4bf48f6]" started-at="2023-09-07T10:58:48 IST" name="addAndRemoveCondition" data-provider="Add_and_Remove_Condition" finished-at="2023-09-07T11:01:50 IST" duration-ms="181742" status="PASS">
          <params>
            <param index="0">
              <value>
                <![CDATA[TOTEAJ77]]>
              </value>
            </param>
          </params>
          <reporter-output>
          </reporter-output>
        </test-method> <!-- addAndRemoveCondition -->
        <test-method is-config="true" signature="setUpend()[pri:0, instance:WMS_InvCont_Batch_2.WMS_Add_Condition_Code@4bf48f6]" started-at="2023-09-07T11:01:50 IST" name="setUpend" finished-at="2023-09-07T11:01:51 IST" duration-ms="1336" status="PASS">
          <reporter-output>
          </reporter-output>
        </test-method> <!-- setUpend -->
        <test-method is-config="true" signature="afterMethod(org.testng.ITestResult)[pri:0, instance:WMS_InvCont_Batch_2.WMS_Add_Condition_Code@4bf48f6]" started-at="2023-09-07T11:01:51 IST" name="afterMethod" finished-at="2023-09-07T11:01:51 IST" duration-ms="113" status="PASS">
          <params>
            <param index="0">
              <value>
                <![CDATA[[TestResult name=addAndRemoveCondition status=SUCCESS method=WMS_Add_Condition_Code.addAndRemoveCondition(java.lang.String)[pri:0, instance:WMS_InvCont_Batch_2.WMS_Add_Condition_Code@4bf48f6] output={null}]]]>
              </value>
            </param>
          </params>
          <reporter-output>
          </reporter-output>
        </test-method> <!-- afterMethod -->
        <test-method is-config="true" signature="tearDown()[pri:0, instance:WMS_InvCont_Batch_2.WMS_Add_Condition_Code@4bf48f6]" started-at="2023-09-07T11:01:51 IST" name="tearDown" finished-at="2023-09-07T11:01:51 IST" duration-ms="126" status="PASS">
          <reporter-output>
          </reporter-output>
        </test-method> <!-- tearDown -->
      </class> <!-- WMS_InvCont_Batch_2.WMS_Add_Condition_Code -->
    </test> <!-- Default test -->
  </suite> <!-- Default suite -->
</testng-results>
