<?xml version="1.0" encoding="UTF-8"?>
<testng-results ignored="0" total="1" passed="1" failed="0" skipped="0">
  <reporter-output>
  </reporter-output>
  <suite started-at="2023-09-15T15:40:36 IST" name="Default suite" finished-at="2023-09-15T16:28:16 IST" duration-ms="2860309">
    <groups>
    </groups>
    <test started-at="2023-09-15T15:40:36 IST" name="Default test" finished-at="2023-09-15T16:28:16 IST" duration-ms="2860309">
      <class name="WMS_PickSort_Batch_5.WMS_PST_MultisBag_Carton">
        <test-method is-config="true" signature="CreateSummary()[pri:0, instance:WMS_PickSort_Batch_5.WMS_PST_MultisBag_Carton@2fba3fc4]" started-at="2023-09-15T15:40:36 IST" name="CreateSummary" finished-at="2023-09-15T15:40:36 IST" duration-ms="12" status="PASS">
          <reporter-output>
          </reporter-output>
        </test-method> <!-- CreateSummary -->
        <test-method is-config="true" signature="setUp()[pri:0, instance:WMS_PickSort_Batch_5.WMS_PST_MultisBag_Carton@2fba3fc4]" started-at="2023-09-15T15:40:37 IST" name="setUp" finished-at="2023-09-15T15:40:54 IST" duration-ms="16992" status="PASS">
          <reporter-output>
          </reporter-output>
        </test-method> <!-- setUp -->
        <test-method signature="orderAllocation(java.lang.String,java.lang.String,java.lang.String,java.lang.String,java.lang.String,java.lang.String,java.lang.String,java.lang.String,java.lang.String,java.lang.String,java.lang.String,java.lang.String,java.lang.String,java.lang.String,java.lang.String,java.lang.String,java.lang.String,java.lang.String)[pri:0, instance:WMS_PickSort_Batch_5.WMS_PST_MultisBag_Carton@2fba3fc4]" started-at="2023-09-15T15:40:54 IST" name="orderAllocation" data-provider="PickSort_MultiBag_Corton_2slot" finished-at="2023-09-15T16:28:15 IST" duration-ms="2841021" status="PASS">
          <params>
            <param index="0">
              <value>
                <![CDATA[MBC202309150014]]>
              </value>
            </param>
            <param index="1">
              <value>
                <![CDATA[MBC202309150013]]>
              </value>
            </param>
            <param index="2">
              <value>
                <![CDATA[Minimum status:Released]]>
              </value>
            </param>
            <param index="3">
              <value>
                <![CDATA[Maximum status:Allocated]]>
              </value>
            </param>
            <param index="4">
              <value>
                <![CDATA[Status Description:Created]]>
              </value>
            </param>
            <param index="5">
              <value>
                <![CDATA[Status:Held For Tasking]]>
              </value>
            </param>
            <param index="6">
              <value>
                <![CDATA[Status description:Released]]>
              </value>
            </param>
            <param index="7">
              <value>
                <![CDATA[Status:Ready For Assignment]]>
              </value>
            </param>
            <param index="8">
              <value>
                <![CDATA[Status:Assigned]]>
              </value>
            </param>
            <param index="9">
              <value>
                <![CDATA[TOTECJ18]]>
              </value>
            </param>
            <param index="10">
              <value>
                <![CDATA[TOTECJ19]]>
              </value>
            </param>
            <param index="11">
              <value>
                <![CDATA[TOTECJ20]]>
              </value>
            </param>
            <param index="12">
              <value>
                <![CDATA[MINDZOP0200237]]>
              </value>
            </param>
            <param index="13">
              <value>
                <![CDATA[CARTCJ18]]>
              </value>
            </param>
            <param index="14">
              <value>
                <![CDATA[CARTCJ19]]>
              </value>
            </param>
            <param index="15">
              <value>
                <![CDATA[Minimum status:Manifested]]>
              </value>
            </param>
            <param index="16">
              <value>
                <![CDATA[Minimum status:Shipped]]>
              </value>
            </param>
            <param index="17">
              <value>
                <![CDATA[Pack Station 1]]>
              </value>
            </param>
          </params>
          <reporter-output>
          </reporter-output>
        </test-method> <!-- orderAllocation -->
        <test-method is-config="true" signature="setUpend()[pri:0, instance:WMS_PickSort_Batch_5.WMS_PST_MultisBag_Carton@2fba3fc4]" started-at="2023-09-15T16:28:15 IST" name="setUpend" finished-at="2023-09-15T16:28:16 IST" duration-ms="1340" status="PASS">
          <reporter-output>
          </reporter-output>
        </test-method> <!-- setUpend -->
        <test-method is-config="true" signature="afterMethod(org.testng.ITestResult)[pri:0, instance:WMS_PickSort_Batch_5.WMS_PST_MultisBag_Carton@2fba3fc4]" started-at="2023-09-15T16:28:16 IST" name="afterMethod" finished-at="2023-09-15T16:28:16 IST" duration-ms="1" status="PASS">
          <params>
            <param index="0">
              <value>
                <![CDATA[[TestResult name=orderAllocation status=SUCCESS method=WMS_PST_MultisBag_Carton.orderAllocation(java.lang.String,java.lang.String,java.lang.String,java.lang.String,java.lang.String,java.lang.String,java.lang.String,java.lang.String,java.lang.String,java.lang.String,java.lang.String,java.lang.String,java.lang.String,java.lang.String,java.lang.String,java.lang.String,java.lang.String,java.lang.String)[pri:0, instance:WMS_PickSort_Batch_5.WMS_PST_MultisBag_Carton@2fba3fc4] output={null}]]]>
              </value>
            </param>
          </params>
          <reporter-output>
          </reporter-output>
        </test-method> <!-- afterMethod -->
        <test-method is-config="true" signature="tearDown()[pri:0, instance:WMS_PickSort_Batch_5.WMS_PST_MultisBag_Carton@2fba3fc4]" started-at="2023-09-15T16:28:16 IST" name="tearDown" finished-at="2023-09-15T16:28:16 IST" duration-ms="0" status="PASS">
          <reporter-output>
          </reporter-output>
        </test-method> <!-- tearDown -->
      </class> <!-- WMS_PickSort_Batch_5.WMS_PST_MultisBag_Carton -->
    </test> <!-- Default test -->
  </suite> <!-- Default suite -->
</testng-results>
