<?xml version="1.0" encoding="UTF-8"?>
<testng-results ignored="0" total="1" passed="1" failed="0" skipped="0">
  <reporter-output>
  </reporter-output>
  <suite started-at="2023-09-21T13:51:56 IST" name="Default suite" finished-at="2023-09-21T13:59:18 IST" duration-ms="441735">
    <groups>
      <group name="Inventory">
        <method signature="WMS_Cycle_Recounts.cycleCountUserDirec(java.lang.String,java.lang.String,java.lang.String)[pri:0, instance:WMS_InvCont_Batch_2.WMS_Cycle_Recounts@4bf48f6]" name="cycleCountUserDirec" class="WMS_InvCont_Batch_2.WMS_Cycle_Recounts"/>
      </group> <!-- Inventory -->
    </groups>
    <test started-at="2023-09-21T13:51:56 IST" name="Default test" finished-at="2023-09-21T13:59:18 IST" duration-ms="441735">
      <class name="WMS_InvCont_Batch_2.WMS_Cycle_Recounts">
        <test-method is-config="true" signature="CreateSummary()[pri:0, instance:WMS_InvCont_Batch_2.WMS_Cycle_Recounts@4bf48f6]" started-at="2023-09-21T13:51:56 IST" name="CreateSummary" finished-at="2023-09-21T13:51:56 IST" duration-ms="26" status="PASS">
          <reporter-output>
          </reporter-output>
        </test-method> <!-- CreateSummary -->
        <test-method is-config="true" signature="setUp()[pri:0, instance:WMS_InvCont_Batch_2.WMS_Cycle_Recounts@4bf48f6]" started-at="2023-09-21T13:51:58 IST" name="setUp" finished-at="2023-09-21T13:52:16 IST" duration-ms="18617" status="PASS">
          <reporter-output>
          </reporter-output>
        </test-method> <!-- setUp -->
        <test-method signature="cycleCountUserDirec(java.lang.String,java.lang.String,java.lang.String)[pri:0, instance:WMS_InvCont_Batch_2.WMS_Cycle_Recounts@4bf48f6]" started-at="2023-09-21T13:52:16 IST" name="cycleCountUserDirec" data-provider="cycle_Recounts" finished-at="2023-09-21T13:59:17 IST" duration-ms="420426" status="PASS">
          <params>
            <param index="0">
              <value>
                <![CDATA[MZ0100201C05]]>
              </value>
            </param>
            <param index="1">
              <value>
                <![CDATA[055100136 7662]]>
              </value>
            </param>
            <param index="2">
              <value>
                <![CDATA[M-Z01-002-01-C-05]]>
              </value>
            </param>
          </params>
          <reporter-output>
          </reporter-output>
        </test-method> <!-- cycleCountUserDirec -->
        <test-method is-config="true" signature="setUpend()[pri:0, instance:WMS_InvCont_Batch_2.WMS_Cycle_Recounts@4bf48f6]" started-at="2023-09-21T13:59:17 IST" name="setUpend" finished-at="2023-09-21T13:59:18 IST" duration-ms="1361" status="PASS">
          <reporter-output>
          </reporter-output>
        </test-method> <!-- setUpend -->
        <test-method is-config="true" signature="afterMethod(org.testng.ITestResult)[pri:0, instance:WMS_InvCont_Batch_2.WMS_Cycle_Recounts@4bf48f6]" started-at="2023-09-21T13:59:18 IST" name="afterMethod" finished-at="2023-09-21T13:59:18 IST" duration-ms="2" status="PASS">
          <params>
            <param index="0">
              <value>
                <![CDATA[[TestResult name=cycleCountUserDirec status=SUCCESS method=WMS_Cycle_Recounts.cycleCountUserDirec(java.lang.String,java.lang.String,java.lang.String)[pri:0, instance:WMS_InvCont_Batch_2.WMS_Cycle_Recounts@4bf48f6] output={null}]]]>
              </value>
            </param>
          </params>
          <reporter-output>
          </reporter-output>
        </test-method> <!-- afterMethod -->
        <test-method is-config="true" signature="tearDown()[pri:0, instance:WMS_InvCont_Batch_2.WMS_Cycle_Recounts@4bf48f6]" started-at="2023-09-21T13:59:18 IST" name="tearDown" finished-at="2023-09-21T13:59:18 IST" duration-ms="1" status="PASS">
          <reporter-output>
          </reporter-output>
        </test-method> <!-- tearDown -->
      </class> <!-- WMS_InvCont_Batch_2.WMS_Cycle_Recounts -->
    </test> <!-- Default test -->
  </suite> <!-- Default suite -->
</testng-results>
