<?xml version="1.0" encoding="UTF-8"?>
<testng-results ignored="0" total="1" passed="1" failed="0" skipped="0">
  <reporter-output>
  </reporter-output>
  <suite started-at="2023-11-01T17:06:24 IST" name="Default suite" finished-at="2023-11-01T18:42:48 IST" duration-ms="5783841">
    <groups>
      <group name="PickShort_Order">
        <method signature="WMS_PST_Singles_Bags.orderAllocation(java.lang.String,java.lang.String,java.lang.String,java.lang.String,java.lang.String,java.lang.String,java.lang.String,java.lang.String,java.lang.String,java.lang.String,java.lang.String,java.lang.String,java.lang.String,java.lang.String,java.lang.String)[pri:0, instance:WMS_PickSort_Batch_5.WMS_PST_Singles_Bags@4bf48f6]" name="orderAllocation" class="WMS_PickSort_Batch_5.WMS_PST_Singles_Bags"/>
      </group> <!-- PickShort_Order -->
    </groups>
    <test started-at="2023-11-01T17:06:24 IST" name="Default test" finished-at="2023-11-01T18:42:48 IST" duration-ms="5783841">
      <class name="WMS_PickSort_Batch_5.WMS_PST_Singles_Bags">
        <test-method is-config="true" signature="CreateSummary()[pri:0, instance:WMS_PickSort_Batch_5.WMS_PST_Singles_Bags@4bf48f6]" started-at="2023-11-01T17:06:24 IST" name="CreateSummary" finished-at="2023-11-01T17:06:24 IST" duration-ms="15" status="PASS">
          <reporter-output>
          </reporter-output>
        </test-method> <!-- CreateSummary -->
        <test-method is-config="true" signature="setUp()[pri:0, instance:WMS_PickSort_Batch_5.WMS_PST_Singles_Bags@4bf48f6]" started-at="2023-11-01T17:06:26 IST" name="setUp" finished-at="2023-11-01T17:06:42 IST" duration-ms="16169" status="PASS">
          <reporter-output>
          </reporter-output>
        </test-method> <!-- setUp -->
        <test-method signature="orderAllocation(java.lang.String,java.lang.String,java.lang.String,java.lang.String,java.lang.String,java.lang.String,java.lang.String,java.lang.String,java.lang.String,java.lang.String,java.lang.String,java.lang.String,java.lang.String,java.lang.String,java.lang.String)[pri:0, instance:WMS_PickSort_Batch_5.WMS_PST_Singles_Bags@4bf48f6]" started-at="2023-11-01T17:06:42 IST" name="orderAllocation" data-provider="PickShort_Singles_bag" finished-at="2023-11-01T18:42:46 IST" duration-ms="5764561" status="PASS">
          <params>
            <param index="0">
              <value>
                <![CDATA[SB202311010035]]>
              </value>
            </param>
            <param index="1">
              <value>
                <![CDATA[SB202311010036]]>
              </value>
            </param>
            <param index="2">
              <value>
                <![CDATA[Minimum status:Released]]>
              </value>
            </param>
            <param index="3">
              <value>
                <![CDATA[Maximum status:Allocated]]>
              </value>
            </param>
            <param index="4">
              <value>
                <![CDATA[Status Description:Created]]>
              </value>
            </param>
            <param index="5">
              <value>
                <![CDATA[Status:Held For Tasking]]>
              </value>
            </param>
            <param index="6">
              <value>
                <![CDATA[Status description:Released]]>
              </value>
            </param>
            <param index="7">
              <value>
                <![CDATA[Status:Ready For Assignment]]>
              </value>
            </param>
            <param index="8">
              <value>
                <![CDATA[Status:Assigned]]>
              </value>
            </param>
            <param index="9">
              <value>
                <![CDATA[TOTEVV70]]>
              </value>
            </param>
            <param index="10">
              <value>
                <![CDATA[MINDZOP0200237]]>
              </value>
            </param>
            <param index="11">
              <value>
                <![CDATA[CARTVV70]]>
              </value>
            </param>
            <param index="12">
              <value>
                <![CDATA[Minimum status:Manifested]]>
              </value>
            </param>
            <param index="13">
              <value>
                <![CDATA[Minimum status:Shipped]]>
              </value>
            </param>
            <param index="14">
              <value>
                <![CDATA[Pack Station 1]]>
              </value>
            </param>
          </params>
          <reporter-output>
          </reporter-output>
        </test-method> <!-- orderAllocation -->
        <test-method is-config="true" signature="setUpend()[pri:0, instance:WMS_PickSort_Batch_5.WMS_PST_Singles_Bags@4bf48f6]" started-at="2023-11-01T18:42:46 IST" name="setUpend" finished-at="2023-11-01T18:42:48 IST" duration-ms="1463" status="PASS">
          <reporter-output>
          </reporter-output>
        </test-method> <!-- setUpend -->
        <test-method is-config="true" signature="afterMethod(org.testng.ITestResult)[pri:0, instance:WMS_PickSort_Batch_5.WMS_PST_Singles_Bags@4bf48f6]" started-at="2023-11-01T18:42:48 IST" name="afterMethod" finished-at="2023-11-01T18:42:48 IST" duration-ms="0" status="PASS">
          <params>
            <param index="0">
              <value>
                <![CDATA[[TestResult name=orderAllocation status=SUCCESS method=WMS_PST_Singles_Bags.orderAllocation(java.lang.String,java.lang.String,java.lang.String,java.lang.String,java.lang.String,java.lang.String,java.lang.String,java.lang.String,java.lang.String,java.lang.String,java.lang.String,java.lang.String,java.lang.String,java.lang.String,java.lang.String)[pri:0, instance:WMS_PickSort_Batch_5.WMS_PST_Singles_Bags@4bf48f6] output={null}]]]>
              </value>
            </param>
          </params>
          <reporter-output>
          </reporter-output>
        </test-method> <!-- afterMethod -->
        <test-method is-config="true" signature="tearDown()[pri:0, instance:WMS_PickSort_Batch_5.WMS_PST_Singles_Bags@4bf48f6]" started-at="2023-11-01T18:42:48 IST" name="tearDown" finished-at="2023-11-01T18:42:48 IST" duration-ms="1" status="PASS">
          <reporter-output>
          </reporter-output>
        </test-method> <!-- tearDown -->
      </class> <!-- WMS_PickSort_Batch_5.WMS_PST_Singles_Bags -->
    </test> <!-- Default test -->
  </suite> <!-- Default suite -->
</testng-results>
