<?xml version="1.0" encoding="UTF-8"?>
<testng-results ignored="0" total="3" passed="0" failed="3" skipped="0">
  <reporter-output>
  </reporter-output>
  <suite started-at="2023-08-17T15:15:49 IST" name="Batch_8" finished-at="2023-08-17T16:12:57 IST" duration-ms="3427829">
    <groups>
      <group name="PackShort_Orders">
        <method signature="WMS_PackSort_Single_Bag.orderAllocation(java.lang.String,java.lang.String,java.lang.String,java.lang.String,java.lang.String,java.lang.String,java.lang.String,java.lang.String,java.lang.String,java.lang.String,java.lang.String,java.lang.String,java.lang.String,java.lang.String,java.lang.String,java.lang.String)[pri:0, instance:WMS_SinglesPackSort_Batch_8.WMS_PackSort_Single_Bag@3116c353]" name="orderAllocation" class="WMS_SinglesPackSort_Batch_8.WMS_PackSort_Single_Bag"/>
        <method signature="WMS_PackSort_Single_Export.orderAllocation(java.lang.String,java.lang.String,java.lang.String,java.lang.String,java.lang.String,java.lang.String,java.lang.String,java.lang.String,java.lang.String,java.lang.String,java.lang.String,java.lang.String,java.lang.String,java.lang.String,java.lang.String,java.lang.String)[pri:0, instance:WMS_SinglesPackSort_Batch_8.WMS_PackSort_Single_Export@43599640]" name="orderAllocation" class="WMS_SinglesPackSort_Batch_8.WMS_PackSort_Single_Export"/>
        <method signature="WMS_PackSort_Singles_Cartons.orderAllocation(java.lang.String,java.lang.String,java.lang.String,java.lang.String,java.lang.String,java.lang.String,java.lang.String,java.lang.String,java.lang.String,java.lang.String,java.lang.String,java.lang.String,java.lang.String,java.lang.String,java.lang.String,java.lang.String)[pri:0, instance:WMS_SinglesPackSort_Batch_8.WMS_PackSort_Singles_Cartons@1f81aa00]" name="orderAllocation" class="WMS_SinglesPackSort_Batch_8.WMS_PackSort_Singles_Cartons"/>
      </group> <!-- PackShort_Orders -->
    </groups>
    <test started-at="2023-08-17T15:15:49 IST" name="PackShort_Orders" finished-at="2023-08-17T16:12:57 IST" duration-ms="3427829">
      <class name="WMS_SinglesPackSort_Batch_8.WMS_PackSort_Singles_Cartons">
        <test-method is-config="true" signature="setUp()[pri:0, instance:WMS_SinglesPackSort_Batch_8.WMS_PackSort_Singles_Cartons@1f81aa00]" started-at="2023-08-17T15:26:42 IST" name="setUp" finished-at="2023-08-17T16:09:35 IST" duration-ms="2572894" status="PASS">
          <reporter-output>
          </reporter-output>
        </test-method> <!-- setUp -->
        <test-method signature="orderAllocation(java.lang.String,java.lang.String,java.lang.String,java.lang.String,java.lang.String,java.lang.String,java.lang.String,java.lang.String,java.lang.String,java.lang.String,java.lang.String,java.lang.String,java.lang.String,java.lang.String,java.lang.String,java.lang.String)[pri:0, instance:WMS_SinglesPackSort_Batch_8.WMS_PackSort_Singles_Cartons@1f81aa00]" started-at="2023-08-17T16:09:35 IST" name="orderAllocation" data-provider="PackShorts_SingleBag_Cartons" finished-at="2023-08-17T16:12:55 IST" duration-ms="199790" status="FAIL">
          <params>
            <param index="0">
              <value>
                <![CDATA[SCB8230817150005]]>
              </value>
            </param>
            <param index="1">
              <value>
                <![CDATA[
SCB8230817150003]]>
              </value>
            </param>
            <param index="2">
              <value>
                <![CDATA[Minimum status:Released]]>
              </value>
            </param>
            <param index="3">
              <value>
                <![CDATA[Maximum status:Allocated]]>
              </value>
            </param>
            <param index="4">
              <value>
                <![CDATA[Status Description:Created]]>
              </value>
            </param>
            <param index="5">
              <value>
                <![CDATA[Status:Held For Tasking]]>
              </value>
            </param>
            <param index="6">
              <value>
                <![CDATA[Status description:Released]]>
              </value>
            </param>
            <param index="7">
              <value>
                <![CDATA[Status:Ready For Assignment]]>
              </value>
            </param>
            <param index="8">
              <value>
                <![CDATA[Status:Assigned]]>
              </value>
            </param>
            <param index="9">
              <value>
                <![CDATA[TOTEAJ03]]>
              </value>
            </param>
            <param index="10">
              <value>
                <![CDATA[TOTEAJ04]]>
              </value>
            </param>
            <param index="11">
              <value>
                <![CDATA[MINDZOP0200237]]>
              </value>
            </param>
            <param index="12">
              <value>
                <![CDATA[CARTAJ03]]>
              </value>
            </param>
            <param index="13">
              <value>
                <![CDATA[Minimum status:Manifested]]>
              </value>
            </param>
            <param index="14">
              <value>
                <![CDATA[Minimum status:Shipped]]>
              </value>
            </param>
            <param index="15">
              <value>
                <![CDATA[Pack Station 1]]>
              </value>
            </param>
          </params>
          <exception class="org.openqa.selenium.NoSuchElementException">
            <message>
              <![CDATA[no such element: Unable to locate element: {"method":"xpath","selector":"//a[contains(text(),'
SCB8230817150003')]/ancestor::div[contains(@class,'dm-flex-col-layout')]/descendant::div[@class='priorityCircle ng-star-inserted']"}
  (Session info: chrome=115.0.5790.171)
For documentation on this error, please visit: https://www.seleniumhq.org/exceptions/no_such_element.html
Build info: version: '3.141.59', revision: 'e82be7d358', time: '2018-11-14T08:17:03'
System info: host: 'BYODIICU3LIGOWY', ip: '192.168.0.112', os.name: 'Windows 11', os.arch: 'amd64', os.version: '10.0', java.version: '17.0.8'
Driver info: org.openqa.selenium.chrome.ChromeDriver
Capabilities {acceptInsecureCerts: false, browserName: chrome, browserVersion: 115.0.5790.171, chrome: {chromedriverVersion: 114.0.5735.90 (386bc09e8f4f..., userDataDir: C:\Users\bhn\AppData\Local\...}, goog:chromeOptions: {debuggerAddress: localhost:56535}, javascriptEnabled: true, networkConnectionEnabled: false, pageLoadStrategy: normal, platform: WINDOWS, platformName: WINDOWS, proxy: Proxy(), setWindowRect: true, strictFileInteractability: false, timeouts: {implicit: 0, pageLoad: 300000, script: 30000}, unhandledPromptBehavior: dismiss and notify, webauthn:extension:credBlob: true, webauthn:extension:largeBlob: true, webauthn:extension:minPinLength: true, webauthn:extension:prf: true, webauthn:virtualAuthenticators: true}
Session ID: 15c449e2c26dc8500b3b03aadd21dd36
*** Element info: {Using=xpath, value=//a[contains(text(),'
SCB8230817150003')]/ancestor::div[contains(@class,'dm-flex-col-layout')]/descendant::div[@class='priorityCircle ng-star-inserted']}]]>
            </message>
            <full-stacktrace>
              <![CDATA[org.openqa.selenium.NoSuchElementException: no such element: Unable to locate element: {"method":"xpath","selector":"//a[contains(text(),'
SCB8230817150003')]/ancestor::div[contains(@class,'dm-flex-col-layout')]/descendant::div[@class='priorityCircle ng-star-inserted']"}
  (Session info: chrome=115.0.5790.171)
For documentation on this error, please visit: https://www.seleniumhq.org/exceptions/no_such_element.html
Build info: version: '3.141.59', revision: 'e82be7d358', time: '2018-11-14T08:17:03'
System info: host: 'BYODIICU3LIGOWY', ip: '192.168.0.112', os.name: 'Windows 11', os.arch: 'amd64', os.version: '10.0', java.version: '17.0.8'
Driver info: org.openqa.selenium.chrome.ChromeDriver
Capabilities {acceptInsecureCerts: false, browserName: chrome, browserVersion: 115.0.5790.171, chrome: {chromedriverVersion: 114.0.5735.90 (386bc09e8f4f..., userDataDir: C:\Users\bhn\AppData\Local\...}, goog:chromeOptions: {debuggerAddress: localhost:56535}, javascriptEnabled: true, networkConnectionEnabled: false, pageLoadStrategy: normal, platform: WINDOWS, platformName: WINDOWS, proxy: Proxy(), setWindowRect: true, strictFileInteractability: false, timeouts: {implicit: 0, pageLoad: 300000, script: 30000}, unhandledPromptBehavior: dismiss and notify, webauthn:extension:credBlob: true, webauthn:extension:largeBlob: true, webauthn:extension:minPinLength: true, webauthn:extension:prf: true, webauthn:virtualAuthenticators: true}
Session ID: 15c449e2c26dc8500b3b03aadd21dd36
*** Element info: {Using=xpath, value=//a[contains(text(),'
SCB8230817150003')]/ancestor::div[contains(@class,'dm-flex-col-layout')]/descendant::div[@class='priorityCircle ng-star-inserted']}
at java.base/jdk.internal.reflect.NativeConstructorAccessorImpl.newInstance0(Native Method)
at java.base/jdk.internal.reflect.NativeConstructorAccessorImpl.newInstance(NativeConstructorAccessorImpl.java:77)
at java.base/jdk.internal.reflect.DelegatingConstructorAccessorImpl.newInstance(DelegatingConstructorAccessorImpl.java:45)
at java.base/java.lang.reflect.Constructor.newInstanceWithCaller(Constructor.java:499)
at java.base/java.lang.reflect.Constructor.newInstance(Constructor.java:480)
at org.openqa.selenium.remote.http.W3CHttpResponseCodec.createException(W3CHttpResponseCodec.java:187)
at org.openqa.selenium.remote.http.W3CHttpResponseCodec.decode(W3CHttpResponseCodec.java:122)
at org.openqa.selenium.remote.http.W3CHttpResponseCodec.decode(W3CHttpResponseCodec.java:49)
at org.openqa.selenium.remote.HttpCommandExecutor.execute(HttpCommandExecutor.java:158)
at org.openqa.selenium.remote.service.DriverCommandExecutor.execute(DriverCommandExecutor.java:83)
at org.openqa.selenium.remote.RemoteWebDriver.execute(RemoteWebDriver.java:552)
at org.openqa.selenium.remote.RemoteWebDriver.findElement(RemoteWebDriver.java:323)
at org.openqa.selenium.remote.RemoteWebDriver.findElementByXPath(RemoteWebDriver.java:428)
at org.openqa.selenium.By$ByXPath.findElement(By.java:353)
at org.openqa.selenium.remote.RemoteWebDriver.findElement(RemoteWebDriver.java:315)
at com.WMS_ApplicationPages.WMS_OrdersPage.olpnreleaseStatusTwoOrders(WMS_OrdersPage.java:1603)
at WMS_SinglesPackSort_Batch_8.WMS_PackSort_Singles_Cartons.orderAllocation(WMS_PackSort_Singles_Cartons.java:215)
at java.base/jdk.internal.reflect.NativeMethodAccessorImpl.invoke0(Native Method)
at java.base/jdk.internal.reflect.NativeMethodAccessorImpl.invoke(NativeMethodAccessorImpl.java:77)
at java.base/jdk.internal.reflect.DelegatingMethodAccessorImpl.invoke(DelegatingMethodAccessorImpl.java:43)
at java.base/java.lang.reflect.Method.invoke(Method.java:568)
at org.testng.internal.invokers.MethodInvocationHelper.invokeMethod(MethodInvocationHelper.java:139)
at org.testng.internal.invokers.TestInvoker.invokeMethod(TestInvoker.java:664)
at org.testng.internal.invokers.TestInvoker.invokeTestMethod(TestInvoker.java:227)
at org.testng.internal.invokers.MethodRunner.runInSequence(MethodRunner.java:50)
at org.testng.internal.invokers.TestInvoker$MethodInvocationAgent.invoke(TestInvoker.java:957)
at org.testng.internal.invokers.TestInvoker.invokeTestMethods(TestInvoker.java:200)
at org.testng.internal.invokers.TestMethodWorker.invokeTestMethods(TestMethodWorker.java:148)
at org.testng.internal.invokers.TestMethodWorker.run(TestMethodWorker.java:128)
at java.base/java.util.ArrayList.forEach(ArrayList.java:1511)
at org.testng.TestRunner.privateRun(TestRunner.java:848)
at org.testng.TestRunner.run(TestRunner.java:621)
at org.testng.SuiteRunner.runTest(SuiteRunner.java:443)
at org.testng.SuiteRunner.runSequentially(SuiteRunner.java:437)
at org.testng.SuiteRunner.privateRun(SuiteRunner.java:397)
at org.testng.SuiteRunner.run(SuiteRunner.java:336)
at org.testng.SuiteRunnerWorker.runSuite(SuiteRunnerWorker.java:52)
at org.testng.SuiteRunnerWorker.run(SuiteRunnerWorker.java:95)
at org.testng.TestNG.runSuitesSequentially(TestNG.java:1280)
at org.testng.TestNG.runSuitesLocally(TestNG.java:1200)
at org.testng.TestNG.runSuites(TestNG.java:1114)
at org.testng.TestNG.run(TestNG.java:1082)
at org.testng.remote.AbstractRemoteTestNG.run(AbstractRemoteTestNG.java:115)
at org.testng.remote.RemoteTestNG.initAndRun(RemoteTestNG.java:251)
at org.testng.remote.RemoteTestNG.main(RemoteTestNG.java:77)
]]>
            </full-stacktrace>
          </exception> <!-- org.openqa.selenium.NoSuchElementException -->
          <reporter-output>
          </reporter-output>
        </test-method> <!-- orderAllocation -->
        <test-method is-config="true" signature="setUpend()[pri:0, instance:WMS_SinglesPackSort_Batch_8.WMS_PackSort_Singles_Cartons@1f81aa00]" started-at="2023-08-17T16:12:55 IST" name="setUpend" finished-at="2023-08-17T16:12:57 IST" duration-ms="1641" status="PASS">
          <reporter-output>
          </reporter-output>
        </test-method> <!-- setUpend -->
      </class> <!-- WMS_SinglesPackSort_Batch_8.WMS_PackSort_Singles_Cartons -->
      <class name="WMS_SinglesPackSort_Batch_8.WMS_PackSort_Single_Bag">
        <test-method is-config="true" signature="setUp()[pri:0, instance:WMS_SinglesPackSort_Batch_8.WMS_PackSort_Single_Bag@3116c353]" started-at="2023-08-17T15:15:50 IST" name="setUp" finished-at="2023-08-17T15:16:13 IST" duration-ms="23545" status="PASS">
          <reporter-output>
          </reporter-output>
        </test-method> <!-- setUp -->
        <test-method signature="orderAllocation(java.lang.String,java.lang.String,java.lang.String,java.lang.String,java.lang.String,java.lang.String,java.lang.String,java.lang.String,java.lang.String,java.lang.String,java.lang.String,java.lang.String,java.lang.String,java.lang.String,java.lang.String,java.lang.String)[pri:0, instance:WMS_SinglesPackSort_Batch_8.WMS_PackSort_Single_Bag@3116c353]" started-at="2023-08-17T15:16:13 IST" name="orderAllocation" data-provider="PackShorts_Singles_bags" finished-at="2023-08-17T15:20:53 IST" duration-ms="279506" status="FAIL">
          <params>
            <param index="0">
              <value>
                <![CDATA[SBB8230726121616]]>
              </value>
            </param>
            <param index="1">
              <value>
                <![CDATA[SBB8230726121614]]>
              </value>
            </param>
            <param index="2">
              <value>
                <![CDATA[Minimum status:Released]]>
              </value>
            </param>
            <param index="3">
              <value>
                <![CDATA[Maximum status:Allocated]]>
              </value>
            </param>
            <param index="4">
              <value>
                <![CDATA[Status Description:Created]]>
              </value>
            </param>
            <param index="5">
              <value>
                <![CDATA[Status:Held For Tasking]]>
              </value>
            </param>
            <param index="6">
              <value>
                <![CDATA[Status description:Released]]>
              </value>
            </param>
            <param index="7">
              <value>
                <![CDATA[Status:Ready For Assignment]]>
              </value>
            </param>
            <param index="8">
              <value>
                <![CDATA[Status:Assigned]]>
              </value>
            </param>
            <param index="9">
              <value>
                <![CDATA[TOTEAJ01]]>
              </value>
            </param>
            <param index="10">
              <value>
                <![CDATA[TOTEAJ02]]>
              </value>
            </param>
            <param index="11">
              <value>
                <![CDATA[MINDZOP0200237]]>
              </value>
            </param>
            <param index="12">
              <value>
                <![CDATA[CARTAJ01                      ]]>
              </value>
            </param>
            <param index="13">
              <value>
                <![CDATA[Minimum status:Manifested]]>
              </value>
            </param>
            <param index="14">
              <value>
                <![CDATA[Minimum status:Shipped]]>
              </value>
            </param>
            <param index="15">
              <value>
                <![CDATA[Pack Station 1]]>
              </value>
            </param>
          </params>
          <exception class="org.openqa.selenium.NoSuchElementException">
            <message>
              <![CDATA[no such element: Unable to locate element: {"method":"xpath","selector":"//a[contains(text(),'SBB8230726121616')]/ancestor::div[contains(@class,'dm-flex-row-layout dm-fill-space card-row ')][1]/descendant::span[@class='field-value ng-star-inserted']"}
  (Session info: chrome=115.0.5790.171)
For documentation on this error, please visit: https://www.seleniumhq.org/exceptions/no_such_element.html
Build info: version: '3.141.59', revision: 'e82be7d358', time: '2018-11-14T08:17:03'
System info: host: 'BYODIICU3LIGOWY', ip: '192.168.0.112', os.name: 'Windows 11', os.arch: 'amd64', os.version: '10.0', java.version: '17.0.8'
Driver info: org.openqa.selenium.chrome.ChromeDriver
Capabilities {acceptInsecureCerts: false, browserName: chrome, browserVersion: 115.0.5790.171, chrome: {chromedriverVersion: 114.0.5735.90 (386bc09e8f4f..., userDataDir: C:\Users\bhn\AppData\Local\...}, goog:chromeOptions: {debuggerAddress: localhost:55776}, javascriptEnabled: true, networkConnectionEnabled: false, pageLoadStrategy: normal, platform: WINDOWS, platformName: WINDOWS, proxy: Proxy(), setWindowRect: true, strictFileInteractability: false, timeouts: {implicit: 0, pageLoad: 300000, script: 30000}, unhandledPromptBehavior: dismiss and notify, webauthn:extension:credBlob: true, webauthn:extension:largeBlob: true, webauthn:extension:minPinLength: true, webauthn:extension:prf: true, webauthn:virtualAuthenticators: true}
Session ID: de4f0663eb269637e08e9467b31a1ea7
*** Element info: {Using=xpath, value=//a[contains(text(),'SBB8230726121616')]/ancestor::div[contains(@class,'dm-flex-row-layout dm-fill-space card-row ')][1]/descendant::span[@class='field-value ng-star-inserted']}]]>
            </message>
            <full-stacktrace>
              <![CDATA[org.openqa.selenium.NoSuchElementException: no such element: Unable to locate element: {"method":"xpath","selector":"//a[contains(text(),'SBB8230726121616')]/ancestor::div[contains(@class,'dm-flex-row-layout dm-fill-space card-row ')][1]/descendant::span[@class='field-value ng-star-inserted']"}
  (Session info: chrome=115.0.5790.171)
For documentation on this error, please visit: https://www.seleniumhq.org/exceptions/no_such_element.html
Build info: version: '3.141.59', revision: 'e82be7d358', time: '2018-11-14T08:17:03'
System info: host: 'BYODIICU3LIGOWY', ip: '192.168.0.112', os.name: 'Windows 11', os.arch: 'amd64', os.version: '10.0', java.version: '17.0.8'
Driver info: org.openqa.selenium.chrome.ChromeDriver
Capabilities {acceptInsecureCerts: false, browserName: chrome, browserVersion: 115.0.5790.171, chrome: {chromedriverVersion: 114.0.5735.90 (386bc09e8f4f..., userDataDir: C:\Users\bhn\AppData\Local\...}, goog:chromeOptions: {debuggerAddress: localhost:55776}, javascriptEnabled: true, networkConnectionEnabled: false, pageLoadStrategy: normal, platform: WINDOWS, platformName: WINDOWS, proxy: Proxy(), setWindowRect: true, strictFileInteractability: false, timeouts: {implicit: 0, pageLoad: 300000, script: 30000}, unhandledPromptBehavior: dismiss and notify, webauthn:extension:credBlob: true, webauthn:extension:largeBlob: true, webauthn:extension:minPinLength: true, webauthn:extension:prf: true, webauthn:virtualAuthenticators: true}
Session ID: de4f0663eb269637e08e9467b31a1ea7
*** Element info: {Using=xpath, value=//a[contains(text(),'SBB8230726121616')]/ancestor::div[contains(@class,'dm-flex-row-layout dm-fill-space card-row ')][1]/descendant::span[@class='field-value ng-star-inserted']}
at java.base/jdk.internal.reflect.NativeConstructorAccessorImpl.newInstance0(Native Method)
at java.base/jdk.internal.reflect.NativeConstructorAccessorImpl.newInstance(NativeConstructorAccessorImpl.java:77)
at java.base/jdk.internal.reflect.DelegatingConstructorAccessorImpl.newInstance(DelegatingConstructorAccessorImpl.java:45)
at java.base/java.lang.reflect.Constructor.newInstanceWithCaller(Constructor.java:499)
at java.base/java.lang.reflect.Constructor.newInstance(Constructor.java:480)
at org.openqa.selenium.remote.http.W3CHttpResponseCodec.createException(W3CHttpResponseCodec.java:187)
at org.openqa.selenium.remote.http.W3CHttpResponseCodec.decode(W3CHttpResponseCodec.java:122)
at org.openqa.selenium.remote.http.W3CHttpResponseCodec.decode(W3CHttpResponseCodec.java:49)
at org.openqa.selenium.remote.HttpCommandExecutor.execute(HttpCommandExecutor.java:158)
at org.openqa.selenium.remote.service.DriverCommandExecutor.execute(DriverCommandExecutor.java:83)
at org.openqa.selenium.remote.RemoteWebDriver.execute(RemoteWebDriver.java:552)
at org.openqa.selenium.remote.RemoteWebDriver.findElement(RemoteWebDriver.java:323)
at org.openqa.selenium.remote.RemoteWebDriver.findElementByXPath(RemoteWebDriver.java:428)
at org.openqa.selenium.By$ByXPath.findElement(By.java:353)
at org.openqa.selenium.remote.RemoteWebDriver.findElement(RemoteWebDriver.java:315)
at com.WMS_ApplicationPages.WMS_OrdersPage.getOlpnsNumberFirst(WMS_OrdersPage.java:1466)
at WMS_SinglesPackSort_Batch_8.WMS_PackSort_Single_Bag.orderAllocation(WMS_PackSort_Single_Bag.java:281)
at java.base/jdk.internal.reflect.NativeMethodAccessorImpl.invoke0(Native Method)
at java.base/jdk.internal.reflect.NativeMethodAccessorImpl.invoke(NativeMethodAccessorImpl.java:77)
at java.base/jdk.internal.reflect.DelegatingMethodAccessorImpl.invoke(DelegatingMethodAccessorImpl.java:43)
at java.base/java.lang.reflect.Method.invoke(Method.java:568)
at org.testng.internal.invokers.MethodInvocationHelper.invokeMethod(MethodInvocationHelper.java:139)
at org.testng.internal.invokers.TestInvoker.invokeMethod(TestInvoker.java:664)
at org.testng.internal.invokers.TestInvoker.invokeTestMethod(TestInvoker.java:227)
at org.testng.internal.invokers.MethodRunner.runInSequence(MethodRunner.java:50)
at org.testng.internal.invokers.TestInvoker$MethodInvocationAgent.invoke(TestInvoker.java:957)
at org.testng.internal.invokers.TestInvoker.invokeTestMethods(TestInvoker.java:200)
at org.testng.internal.invokers.TestMethodWorker.invokeTestMethods(TestMethodWorker.java:148)
at org.testng.internal.invokers.TestMethodWorker.run(TestMethodWorker.java:128)
at java.base/java.util.ArrayList.forEach(ArrayList.java:1511)
at org.testng.TestRunner.privateRun(TestRunner.java:848)
at org.testng.TestRunner.run(TestRunner.java:621)
at org.testng.SuiteRunner.runTest(SuiteRunner.java:443)
at org.testng.SuiteRunner.runSequentially(SuiteRunner.java:437)
at org.testng.SuiteRunner.privateRun(SuiteRunner.java:397)
at org.testng.SuiteRunner.run(SuiteRunner.java:336)
at org.testng.SuiteRunnerWorker.runSuite(SuiteRunnerWorker.java:52)
at org.testng.SuiteRunnerWorker.run(SuiteRunnerWorker.java:95)
at org.testng.TestNG.runSuitesSequentially(TestNG.java:1280)
at org.testng.TestNG.runSuitesLocally(TestNG.java:1200)
at org.testng.TestNG.runSuites(TestNG.java:1114)
at org.testng.TestNG.run(TestNG.java:1082)
at org.testng.remote.AbstractRemoteTestNG.run(AbstractRemoteTestNG.java:115)
at org.testng.remote.RemoteTestNG.initAndRun(RemoteTestNG.java:251)
at org.testng.remote.RemoteTestNG.main(RemoteTestNG.java:77)
]]>
            </full-stacktrace>
          </exception> <!-- org.openqa.selenium.NoSuchElementException -->
          <reporter-output>
          </reporter-output>
        </test-method> <!-- orderAllocation -->
        <test-method is-config="true" signature="setUpend()[pri:0, instance:WMS_SinglesPackSort_Batch_8.WMS_PackSort_Single_Bag@3116c353]" started-at="2023-08-17T15:20:53 IST" name="setUpend" finished-at="2023-08-17T15:20:56 IST" duration-ms="3402" status="PASS">
          <reporter-output>
          </reporter-output>
        </test-method> <!-- setUpend -->
      </class> <!-- WMS_SinglesPackSort_Batch_8.WMS_PackSort_Single_Bag -->
      <class name="WMS_SinglesPackSort_Batch_8.WMS_PackSort_Single_Export">
        <test-method is-config="true" signature="setUp()[pri:0, instance:WMS_SinglesPackSort_Batch_8.WMS_PackSort_Single_Export@43599640]" started-at="2023-08-17T15:20:57 IST" name="setUp" finished-at="2023-08-17T15:21:24 IST" duration-ms="26820" status="PASS">
          <reporter-output>
          </reporter-output>
        </test-method> <!-- setUp -->
        <test-method signature="orderAllocation(java.lang.String,java.lang.String,java.lang.String,java.lang.String,java.lang.String,java.lang.String,java.lang.String,java.lang.String,java.lang.String,java.lang.String,java.lang.String,java.lang.String,java.lang.String,java.lang.String,java.lang.String,java.lang.String)[pri:0, instance:WMS_SinglesPackSort_Batch_8.WMS_PackSort_Single_Export@43599640]" started-at="2023-08-17T15:21:24 IST" name="orderAllocation" data-provider="PackShorts_Single_Export" finished-at="2023-08-17T15:26:41 IST" duration-ms="317695" status="FAIL">
          <params>
            <param index="0">
              <value>
                <![CDATA[SEB8230817145803]]>
              </value>
            </param>
            <param index="1">
              <value>
                <![CDATA[SEB8230817145801]]>
              </value>
            </param>
            <param index="2">
              <value>
                <![CDATA[Minimum status:Released]]>
              </value>
            </param>
            <param index="3">
              <value>
                <![CDATA[Maximum status:Allocated]]>
              </value>
            </param>
            <param index="4">
              <value>
                <![CDATA[Status Description:Created]]>
              </value>
            </param>
            <param index="5">
              <value>
                <![CDATA[Status:Held For Tasking]]>
              </value>
            </param>
            <param index="6">
              <value>
                <![CDATA[Status description:Released]]>
              </value>
            </param>
            <param index="7">
              <value>
                <![CDATA[Status:Ready For Assignment]]>
              </value>
            </param>
            <param index="8">
              <value>
                <![CDATA[Status:Assigned]]>
              </value>
            </param>
            <param index="9">
              <value>
                <![CDATA[TOTEAJ05]]>
              </value>
            </param>
            <param index="10">
              <value>
                <![CDATA[TOTEAJ06]]>
              </value>
            </param>
            <param index="11">
              <value>
                <![CDATA[MINDZOP0200237]]>
              </value>
            </param>
            <param index="12">
              <value>
                <![CDATA[CARTEAJ05]]>
              </value>
            </param>
            <param index="13">
              <value>
                <![CDATA[Minimum status:Manifested]]>
              </value>
            </param>
            <param index="14">
              <value>
                <![CDATA[Minimum status:Shipped]]>
              </value>
            </param>
            <param index="15">
              <value>
                <![CDATA[Pack Station 1]]>
              </value>
            </param>
          </params>
          <exception class="org.openqa.selenium.WebDriverException">
            <message>
              <![CDATA[disconnected: not connected to DevTools
  (failed to check if window was closed: disconnected: not connected to DevTools)
  (Session info: chrome=115.0.5790.171)
Build info: version: '3.141.59', revision: 'e82be7d358', time: '2018-11-14T08:17:03'
System info: host: 'BYODIICU3LIGOWY', ip: '192.168.0.112', os.name: 'Windows 11', os.arch: 'amd64', os.version: '10.0', java.version: '17.0.8'
Driver info: org.openqa.selenium.chrome.ChromeDriver
Capabilities {acceptInsecureCerts: false, browserName: chrome, browserVersion: 115.0.5790.171, chrome: {chromedriverVersion: 114.0.5735.90 (386bc09e8f4f..., userDataDir: C:\Users\bhn\AppData\Local\...}, goog:chromeOptions: {debuggerAddress: localhost:56309}, javascriptEnabled: true, networkConnectionEnabled: false, pageLoadStrategy: normal, platform: WINDOWS, platformName: WINDOWS, proxy: Proxy(), setWindowRect: true, strictFileInteractability: false, timeouts: {implicit: 0, pageLoad: 300000, script: 30000}, unhandledPromptBehavior: dismiss and notify, webauthn:extension:credBlob: true, webauthn:extension:largeBlob: true, webauthn:extension:minPinLength: true, webauthn:extension:prf: true, webauthn:virtualAuthenticators: true}
Session ID: cc5f232796281721f57bf56a0c159166
*** Element info: {Using=xpath, value=//span[text()=' Status : ']/ancestor::div[@class='dm-flex-row-layout field-row ng-star-inserted']/descendant::span[@class='field-value ng-star-inserted']}]]>
            </message>
            <full-stacktrace>
              <![CDATA[org.openqa.selenium.WebDriverException: disconnected: not connected to DevTools
  (failed to check if window was closed: disconnected: not connected to DevTools)
  (Session info: chrome=115.0.5790.171)
Build info: version: '3.141.59', revision: 'e82be7d358', time: '2018-11-14T08:17:03'
System info: host: 'BYODIICU3LIGOWY', ip: '192.168.0.112', os.name: 'Windows 11', os.arch: 'amd64', os.version: '10.0', java.version: '17.0.8'
Driver info: org.openqa.selenium.chrome.ChromeDriver
Capabilities {acceptInsecureCerts: false, browserName: chrome, browserVersion: 115.0.5790.171, chrome: {chromedriverVersion: 114.0.5735.90 (386bc09e8f4f..., userDataDir: C:\Users\bhn\AppData\Local\...}, goog:chromeOptions: {debuggerAddress: localhost:56309}, javascriptEnabled: true, networkConnectionEnabled: false, pageLoadStrategy: normal, platform: WINDOWS, platformName: WINDOWS, proxy: Proxy(), setWindowRect: true, strictFileInteractability: false, timeouts: {implicit: 0, pageLoad: 300000, script: 30000}, unhandledPromptBehavior: dismiss and notify, webauthn:extension:credBlob: true, webauthn:extension:largeBlob: true, webauthn:extension:minPinLength: true, webauthn:extension:prf: true, webauthn:virtualAuthenticators: true}
Session ID: cc5f232796281721f57bf56a0c159166
*** Element info: {Using=xpath, value=//span[text()=' Status : ']/ancestor::div[@class='dm-flex-row-layout field-row ng-star-inserted']/descendant::span[@class='field-value ng-star-inserted']}
at java.base/jdk.internal.reflect.NativeConstructorAccessorImpl.newInstance0(Native Method)
at java.base/jdk.internal.reflect.NativeConstructorAccessorImpl.newInstance(NativeConstructorAccessorImpl.java:77)
at java.base/jdk.internal.reflect.DelegatingConstructorAccessorImpl.newInstance(DelegatingConstructorAccessorImpl.java:45)
at java.base/java.lang.reflect.Constructor.newInstanceWithCaller(Constructor.java:499)
at java.base/java.lang.reflect.Constructor.newInstance(Constructor.java:480)
at org.openqa.selenium.remote.http.W3CHttpResponseCodec.createException(W3CHttpResponseCodec.java:187)
at org.openqa.selenium.remote.http.W3CHttpResponseCodec.decode(W3CHttpResponseCodec.java:122)
at org.openqa.selenium.remote.http.W3CHttpResponseCodec.decode(W3CHttpResponseCodec.java:49)
at org.openqa.selenium.remote.HttpCommandExecutor.execute(HttpCommandExecutor.java:158)
at org.openqa.selenium.remote.service.DriverCommandExecutor.execute(DriverCommandExecutor.java:83)
at org.openqa.selenium.remote.RemoteWebDriver.execute(RemoteWebDriver.java:552)
at org.openqa.selenium.remote.RemoteWebDriver.findElement(RemoteWebDriver.java:323)
at org.openqa.selenium.remote.RemoteWebDriver.findElementByXPath(RemoteWebDriver.java:428)
at org.openqa.selenium.By$ByXPath.findElement(By.java:353)
at org.openqa.selenium.remote.RemoteWebDriver.findElement(RemoteWebDriver.java:315)
at org.openqa.selenium.support.pagefactory.DefaultElementLocator.findElement(DefaultElementLocator.java:69)
at org.openqa.selenium.support.pagefactory.internal.LocatingElementHandler.invoke(LocatingElementHandler.java:38)
at jdk.proxy2/jdk.proxy2.$Proxy14.getWrappedElement(Unknown Source)
at org.openqa.selenium.remote.internal.WebElementToJsonConverter.apply(WebElementToJsonConverter.java:50)
at java.base/java.util.stream.ReferencePipeline$3$1.accept(ReferencePipeline.java:197)
at java.base/java.util.Spliterators$ArraySpliterator.forEachRemaining(Spliterators.java:992)
at java.base/java.util.stream.AbstractPipeline.copyInto(AbstractPipeline.java:509)
at java.base/java.util.stream.AbstractPipeline.wrapAndCopyInto(AbstractPipeline.java:499)
at java.base/java.util.stream.ReduceOps$ReduceOp.evaluateSequential(ReduceOps.java:921)
at java.base/java.util.stream.AbstractPipeline.evaluate(AbstractPipeline.java:234)
at java.base/java.util.stream.ReferencePipeline.collect(ReferencePipeline.java:682)
at org.openqa.selenium.remote.RemoteWebDriver.executeScript(RemoteWebDriver.java:484)
at com.WMS_Utilities.WMS_WebDriverUtilities.getText(WMS_WebDriverUtilities.java:241)
at com.WMS_ApplicationPages.WMS_WaveRunsPage.workReleasePage(WMS_WaveRunsPage.java:513)
at WMS_SinglesPackSort_Batch_8.WMS_PackSort_Single_Export.orderAllocation(WMS_PackSort_Single_Export.java:355)
at java.base/jdk.internal.reflect.NativeMethodAccessorImpl.invoke0(Native Method)
at java.base/jdk.internal.reflect.NativeMethodAccessorImpl.invoke(NativeMethodAccessorImpl.java:77)
at java.base/jdk.internal.reflect.DelegatingMethodAccessorImpl.invoke(DelegatingMethodAccessorImpl.java:43)
at java.base/java.lang.reflect.Method.invoke(Method.java:568)
at org.testng.internal.invokers.MethodInvocationHelper.invokeMethod(MethodInvocationHelper.java:139)
at org.testng.internal.invokers.TestInvoker.invokeMethod(TestInvoker.java:664)
at org.testng.internal.invokers.TestInvoker.invokeTestMethod(TestInvoker.java:227)
at org.testng.internal.invokers.MethodRunner.runInSequence(MethodRunner.java:50)
at org.testng.internal.invokers.TestInvoker$MethodInvocationAgent.invoke(TestInvoker.java:957)
at org.testng.internal.invokers.TestInvoker.invokeTestMethods(TestInvoker.java:200)
at org.testng.internal.invokers.TestMethodWorker.invokeTestMethods(TestMethodWorker.java:148)
at org.testng.internal.invokers.TestMethodWorker.run(TestMethodWorker.java:128)
at java.base/java.util.ArrayList.forEach(ArrayList.java:1511)
at org.testng.TestRunner.privateRun(TestRunner.java:848)
at org.testng.TestRunner.run(TestRunner.java:621)
at org.testng.SuiteRunner.runTest(SuiteRunner.java:443)
at org.testng.SuiteRunner.runSequentially(SuiteRunner.java:437)
at org.testng.SuiteRunner.privateRun(SuiteRunner.java:397)
at org.testng.SuiteRunner.run(SuiteRunner.java:336)
at org.testng.SuiteRunnerWorker.runSuite(SuiteRunnerWorker.java:52)
at org.testng.SuiteRunnerWorker.run(SuiteRunnerWorker.java:95)
at org.testng.TestNG.runSuitesSequentially(TestNG.java:1280)
at org.testng.TestNG.runSuitesLocally(TestNG.java:1200)
at org.testng.TestNG.runSuites(TestNG.java:1114)
at org.testng.TestNG.run(TestNG.java:1082)
at org.testng.remote.AbstractRemoteTestNG.run(AbstractRemoteTestNG.java:115)
at org.testng.remote.RemoteTestNG.initAndRun(RemoteTestNG.java:251)
at org.testng.remote.RemoteTestNG.main(RemoteTestNG.java:77)
]]>
            </full-stacktrace>
          </exception> <!-- org.openqa.selenium.WebDriverException -->
          <reporter-output>
          </reporter-output>
        </test-method> <!-- orderAllocation -->
        <test-method is-config="true" signature="setUpend()[pri:0, instance:WMS_SinglesPackSort_Batch_8.WMS_PackSort_Single_Export@43599640]" started-at="2023-08-17T15:26:41 IST" name="setUpend" finished-at="2023-08-17T15:26:42 IST" duration-ms="806" status="PASS">
          <reporter-output>
          </reporter-output>
        </test-method> <!-- setUpend -->
      </class> <!-- WMS_SinglesPackSort_Batch_8.WMS_PackSort_Single_Export -->
    </test> <!-- PackShort_Orders -->
  </suite> <!-- Batch_8 -->
</testng-results>
