<?xml version="1.0" encoding="UTF-8"?>
<testng-results ignored="0" total="1" passed="1" failed="0" skipped="0">
  <reporter-output>
  </reporter-output>
  <suite started-at="2023-10-10T15:57:33 IST" name="Default suite" finished-at="2023-10-10T15:59:08 IST" duration-ms="94902">
    <groups>
      <group name="Inventory">
        <method signature="WMS_Clock_In.addAndRemoveCondition(java.lang.String,java.lang.String,java.lang.String)[pri:0, instance:WMS_InvCont_Batch_2.WMS_Clock_In@4bf48f6]" name="addAndRemoveCondition" class="WMS_InvCont_Batch_2.WMS_Clock_In"/>
      </group> <!-- Inventory -->
    </groups>
    <test started-at="2023-10-10T15:57:33 IST" name="Default test" finished-at="2023-10-10T15:59:08 IST" duration-ms="94902">
      <class name="WMS_InvCont_Batch_2.WMS_Clock_In">
        <test-method is-config="true" signature="CreateSummary()[pri:0, instance:WMS_InvCont_Batch_2.WMS_Clock_In@4bf48f6]" started-at="2023-10-10T15:57:33 IST" name="CreateSummary" finished-at="2023-10-10T15:57:33 IST" duration-ms="19" status="PASS">
          <reporter-output>
          </reporter-output>
        </test-method> <!-- CreateSummary -->
        <test-method is-config="true" signature="setUp()[pri:0, instance:WMS_InvCont_Batch_2.WMS_Clock_In@4bf48f6]" started-at="2023-10-10T15:57:35 IST" name="setUp" finished-at="2023-10-10T15:57:54 IST" duration-ms="19238" status="PASS">
          <reporter-output>
          </reporter-output>
        </test-method> <!-- setUp -->
        <test-method signature="addAndRemoveCondition(java.lang.String,java.lang.String,java.lang.String)[pri:0, instance:WMS_InvCont_Batch_2.WMS_Clock_In@4bf48f6]" started-at="2023-10-10T15:57:54 IST" name="addAndRemoveCondition" data-provider="Clock_In_Clock_Out" finished-at="2023-10-10T15:59:04 IST" duration-ms="69915" status="PASS">
          <params>
            <param index="0">
              <value>
                <![CDATA[qabhn]]>
              </value>
            </param>
            <param index="1">
              <value>
                <![CDATA[05:00:00]]>
              </value>
            </param>
            <param index="2">
              <value>
                <![CDATA[20:00:00]]>
              </value>
            </param>
          </params>
          <reporter-output>
          </reporter-output>
        </test-method> <!-- addAndRemoveCondition -->
        <test-method is-config="true" signature="setUpend()[pri:0, instance:WMS_InvCont_Batch_2.WMS_Clock_In@4bf48f6]" started-at="2023-10-10T15:59:04 IST" name="setUpend" finished-at="2023-10-10T15:59:08 IST" duration-ms="4413" status="PASS">
          <reporter-output>
          </reporter-output>
        </test-method> <!-- setUpend -->
        <test-method is-config="true" signature="afterMethod(org.testng.ITestResult)[pri:0, instance:WMS_InvCont_Batch_2.WMS_Clock_In@4bf48f6]" started-at="2023-10-10T15:59:08 IST" name="afterMethod" finished-at="2023-10-10T15:59:08 IST" duration-ms="1" status="PASS">
          <params>
            <param index="0">
              <value>
                <![CDATA[[TestResult name=addAndRemoveCondition status=SUCCESS method=WMS_Clock_In.addAndRemoveCondition(java.lang.String,java.lang.String,java.lang.String)[pri:0, instance:WMS_InvCont_Batch_2.WMS_Clock_In@4bf48f6] output={null}]]]>
              </value>
            </param>
          </params>
          <reporter-output>
          </reporter-output>
        </test-method> <!-- afterMethod -->
        <test-method is-config="true" signature="tearDown()[pri:0, instance:WMS_InvCont_Batch_2.WMS_Clock_In@4bf48f6]" started-at="2023-10-10T15:59:08 IST" name="tearDown" finished-at="2023-10-10T15:59:08 IST" duration-ms="0" status="PASS">
          <reporter-output>
          </reporter-output>
        </test-method> <!-- tearDown -->
      </class> <!-- WMS_InvCont_Batch_2.WMS_Clock_In -->
    </test> <!-- Default test -->
  </suite> <!-- Default suite -->
</testng-results>
