<?xml version="1.0" encoding="UTF-8"?>
<testng-results ignored="0" total="1" passed="1" failed="0" skipped="0">
  <reporter-output>
  </reporter-output>
  <suite started-at="2024-04-12T22:26:38 IST" name="Default suite" finished-at="2024-04-12T23:26:27 IST" duration-ms="3588709">
    <groups>
      <group name="PickShort_Order">
        <method signature="WMS_PST_Singles_Gift_Wrap.orderAllocation(java.lang.String,java.lang.String,java.lang.String,java.lang.String,java.lang.String,java.lang.String,java.lang.String,java.lang.String,java.lang.String,java.lang.String,java.lang.String,java.lang.String,java.lang.String,java.lang.String,java.lang.String)[pri:0, instance:WMS_PickSort_Batch_5.WMS_PST_Singles_Gift_Wrap@a37aefe]" name="orderAllocation" class="WMS_PickSort_Batch_5.WMS_PST_Singles_Gift_Wrap"/>
      </group> <!-- PickShort_Order -->
    </groups>
    <test started-at="2024-04-12T22:26:38 IST" name="Default test" finished-at="2024-04-12T23:26:27 IST" duration-ms="3588709">
      <class name="WMS_PickSort_Batch_5.WMS_PST_Singles_Gift_Wrap">
        <test-method is-config="true" signature="CreateSummary()[pri:0, instance:WMS_PickSort_Batch_5.WMS_PST_Singles_Gift_Wrap@a37aefe]" started-at="2024-04-12T22:26:38 IST" name="CreateSummary" finished-at="2024-04-12T22:26:38 IST" duration-ms="14" status="PASS">
          <reporter-output>
          </reporter-output>
        </test-method> <!-- CreateSummary -->
        <test-method is-config="true" signature="setUp()[pri:0, instance:WMS_PickSort_Batch_5.WMS_PST_Singles_Gift_Wrap@a37aefe]" started-at="2024-04-12T22:26:39 IST" name="setUp" finished-at="2024-04-12T22:26:55 IST" duration-ms="15190" status="PASS">
          <reporter-output>
          </reporter-output>
        </test-method> <!-- setUp -->
        <test-method signature="orderAllocation(java.lang.String,java.lang.String,java.lang.String,java.lang.String,java.lang.String,java.lang.String,java.lang.String,java.lang.String,java.lang.String,java.lang.String,java.lang.String,java.lang.String,java.lang.String,java.lang.String,java.lang.String)[pri:0, instance:WMS_PickSort_Batch_5.WMS_PST_Singles_Gift_Wrap@a37aefe]" started-at="2024-04-12T22:26:55 IST" name="orderAllocation" data-provider="PickShort_Singles_Gift_Wrap" finished-at="2024-04-12T23:26:26 IST" duration-ms="3571181" status="PASS">
          <params>
            <param index="0">
              <value>
                <![CDATA[SGW2404120015]]>
              </value>
            </param>
            <param index="1">
              <value>
                <![CDATA[SGW2404120016]]>
              </value>
            </param>
            <param index="2">
              <value>
                <![CDATA[Minimum status:Released]]>
              </value>
            </param>
            <param index="3">
              <value>
                <![CDATA[Maximum status:Allocated]]>
              </value>
            </param>
            <param index="4">
              <value>
                <![CDATA[Status Description:Created]]>
              </value>
            </param>
            <param index="5">
              <value>
                <![CDATA[Status:Held For Tasking]]>
              </value>
            </param>
            <param index="6">
              <value>
                <![CDATA[Status description:Released]]>
              </value>
            </param>
            <param index="7">
              <value>
                <![CDATA[Status:Ready For Assignment]]>
              </value>
            </param>
            <param index="8">
              <value>
                <![CDATA[Status:Assigned]]>
              </value>
            </param>
            <param index="9">
              <value>
                <![CDATA[TOTEZY31]]>
              </value>
            </param>
            <param index="10">
              <value>
                <![CDATA[MINDZOP0200237]]>
              </value>
            </param>
            <param index="11">
              <value>
                <![CDATA[CARTZY31]]>
              </value>
            </param>
            <param index="12">
              <value>
                <![CDATA[Minimum status:Manifested]]>
              </value>
            </param>
            <param index="13">
              <value>
                <![CDATA[Minimum status:Shipped]]>
              </value>
            </param>
            <param index="14">
              <value>
                <![CDATA[Pack Station 1]]>
              </value>
            </param>
          </params>
          <reporter-output>
          </reporter-output>
        </test-method> <!-- orderAllocation -->
        <test-method is-config="true" signature="setUpend()[pri:0, instance:WMS_PickSort_Batch_5.WMS_PST_Singles_Gift_Wrap@a37aefe]" started-at="2024-04-12T23:26:26 IST" name="setUpend" finished-at="2024-04-12T23:26:27 IST" duration-ms="961" status="PASS">
          <reporter-output>
          </reporter-output>
        </test-method> <!-- setUpend -->
        <test-method is-config="true" signature="afterMethod(org.testng.ITestResult)[pri:0, instance:WMS_PickSort_Batch_5.WMS_PST_Singles_Gift_Wrap@a37aefe]" started-at="2024-04-12T23:26:27 IST" name="afterMethod" finished-at="2024-04-12T23:26:27 IST" duration-ms="0" status="PASS">
          <params>
            <param index="0">
              <value>
                <![CDATA[[TestResult name=orderAllocation status=SUCCESS method=WMS_PST_Singles_Gift_Wrap.orderAllocation(java.lang.String,java.lang.String,java.lang.String,java.lang.String,java.lang.String,java.lang.String,java.lang.String,java.lang.String,java.lang.String,java.lang.String,java.lang.String,java.lang.String,java.lang.String,java.lang.String,java.lang.String)[pri:0, instance:WMS_PickSort_Batch_5.WMS_PST_Singles_Gift_Wrap@a37aefe] output={null}]]]>
              </value>
            </param>
          </params>
          <reporter-output>
          </reporter-output>
        </test-method> <!-- afterMethod -->
        <test-method is-config="true" signature="tearDown()[pri:0, instance:WMS_PickSort_Batch_5.WMS_PST_Singles_Gift_Wrap@a37aefe]" started-at="2024-04-12T23:26:27 IST" name="tearDown" finished-at="2024-04-12T23:26:27 IST" duration-ms="0" status="PASS">
          <reporter-output>
          </reporter-output>
        </test-method> <!-- tearDown -->
      </class> <!-- WMS_PickSort_Batch_5.WMS_PST_Singles_Gift_Wrap -->
    </test> <!-- Default test -->
  </suite> <!-- Default suite -->
</testng-results>
