<?xml version="1.0" encoding="UTF-8"?>
<!-- Generated by org.testng.reporters.JUnitXMLReporter -->
<testsuite ignored="0" hostname="BYODIIcU3lIgowY" failures="0" tests="8" name="Rateshop" time="18.372" errors="0" timestamp="2023-08-23T10:31:26 IST">
  <testcase classname="WMS_Valid_Batch_7.WMS_FE2D_RateShop_Validation" name="@BeforeMethod setUp" time="2.906">
    <failure type="org.openqa.selenium.SessionNotCreatedException" message="session not created: This version of ChromeDriver only supports Chrome version 114
Current browser version is 116.0.5845.97 with binary path C:\Users\bhn\AppData\Local\Google\Chrome\Application\chrome.exe
Build info: version: &amp;apos;3.141.59&amp;apos;, revision: &amp;apos;e82be7d358&amp;apos;, time: &amp;apos;2018-11-14T08:17:03&amp;apos;
System info: host: &amp;apos;BYODIICU3LIGOWY&amp;apos;, ip: &amp;apos;192.168.0.112&amp;apos;, os.name: &amp;apos;Windows 11&amp;apos;, os.arch: &amp;apos;amd64&amp;apos;, os.version: &amp;apos;10.0&amp;apos;, java.version: &amp;apos;17.0.8&amp;apos;
Driver info: driver.version: ChromeDriver
remote stacktrace: Backtrace:
	GetHandleVerifier [0x011FA813+48355]
	(No symbol) [0x0118C4B1]
	(No symbol) [0x01095358]
	(No symbol) [0x010B61AC]
	(No symbol) [0x010B1EF3]
	(No symbol) [0x010B0579]
	(No symbol) [0x010E0C55]
	(No symbol) [0x010E093C]
	(No symbol) [0x010DA536]
	(No symbol) [0x010B82DC]
	(No symbol) [0x010B93DD]
	GetHandleVerifier [0x0145AABD+2539405]
	GetHandleVerifier [0x0149A78F+2800735]
	GetHandleVerifier [0x0149456C+2775612]
	GetHandleVerifier [0x012851E0+616112]
	(No symbol) [0x01195F8C]
	(No symbol) [0x01192328]
	(No symbol) [0x0119240B]
	(No symbol) [0x01184FF7]
	BaseThreadInitThunk [0x756B6BA9+25]
	RtlGetFullPathName_UEx [0x779B8F9F+1215]
	RtlGetFullPathName_UEx [0x779B8F6D+1165]
">
      <![CDATA[org.openqa.selenium.SessionNotCreatedException: session not created: This version of ChromeDriver only supports Chrome version 114
Current browser version is 116.0.5845.97 with binary path C:\Users\bhn\AppData\Local\Google\Chrome\Application\chrome.exe
Build info: version: '3.141.59', revision: 'e82be7d358', time: '2018-11-14T08:17:03'
System info: host: 'BYODIICU3LIGOWY', ip: '192.168.0.112', os.name: 'Windows 11', os.arch: 'amd64', os.version: '10.0', java.version: '17.0.8'
Driver info: driver.version: ChromeDriver
remote stacktrace: Backtrace:
GetHandleVerifier [0x011FA813+48355]
(No symbol) [0x0118C4B1]
(No symbol) [0x01095358]
(No symbol) [0x010B61AC]
(No symbol) [0x010B1EF3]
(No symbol) [0x010B0579]
(No symbol) [0x010E0C55]
(No symbol) [0x010E093C]
(No symbol) [0x010DA536]
(No symbol) [0x010B82DC]
(No symbol) [0x010B93DD]
GetHandleVerifier [0x0145AABD+2539405]
GetHandleVerifier [0x0149A78F+2800735]
GetHandleVerifier [0x0149456C+2775612]
GetHandleVerifier [0x012851E0+616112]
(No symbol) [0x01195F8C]
(No symbol) [0x01192328]
(No symbol) [0x0119240B]
(No symbol) [0x01184FF7]
BaseThreadInitThunk [0x756B6BA9+25]
RtlGetFullPathName_UEx [0x779B8F9F+1215]
RtlGetFullPathName_UEx [0x779B8F6D+1165]

at org.openqa.selenium.remote.W3CHandshakeResponse.lambda$errorHandler$0(W3CHandshakeResponse.java:62)
at org.openqa.selenium.remote.HandshakeResponse.lambda$getResponseFunction$0(HandshakeResponse.java:30)
at org.openqa.selenium.remote.ProtocolHandshake.lambda$createSession$0(ProtocolHandshake.java:126)
at java.base/java.util.stream.ReferencePipeline$3$1.accept(ReferencePipeline.java:197)
at java.base/java.util.Spliterators$ArraySpliterator.tryAdvance(Spliterators.java:1002)
at java.base/java.util.stream.ReferencePipeline.forEachWithCancel(ReferencePipeline.java:129)
at java.base/java.util.stream.AbstractPipeline.copyIntoWithCancel(AbstractPipeline.java:527)
at java.base/java.util.stream.AbstractPipeline.copyInto(AbstractPipeline.java:513)
at java.base/java.util.stream.AbstractPipeline.wrapAndCopyInto(AbstractPipeline.java:499)
at java.base/java.util.stream.FindOps$FindOp.evaluateSequential(FindOps.java:150)
at java.base/java.util.stream.AbstractPipeline.evaluate(AbstractPipeline.java:234)
at java.base/java.util.stream.ReferencePipeline.findFirst(ReferencePipeline.java:647)
at org.openqa.selenium.remote.ProtocolHandshake.createSession(ProtocolHandshake.java:128)
at org.openqa.selenium.remote.ProtocolHandshake.createSession(ProtocolHandshake.java:74)
at org.openqa.selenium.remote.HttpCommandExecutor.execute(HttpCommandExecutor.java:136)
at org.openqa.selenium.remote.service.DriverCommandExecutor.execute(DriverCommandExecutor.java:83)
at org.openqa.selenium.remote.RemoteWebDriver.execute(RemoteWebDriver.java:552)
at org.openqa.selenium.remote.RemoteWebDriver.startSession(RemoteWebDriver.java:213)
at org.openqa.selenium.remote.RemoteWebDriver.<init>(RemoteWebDriver.java:131)
at org.openqa.selenium.chrome.ChromeDriver.<init>(ChromeDriver.java:181)
at org.openqa.selenium.chrome.ChromeDriver.<init>(ChromeDriver.java:168)
at org.openqa.selenium.chrome.ChromeDriver.<init>(ChromeDriver.java:157)
at com.WMS_Utilities.WMS_TestBase.invokeBrowser(WMS_TestBase.java:57)
at WMS_Valid_Batch_7.WMS_FE2D_RateShop_Validation.setUp(WMS_FE2D_RateShop_Validation.java:76)
at java.base/java.util.ArrayList.forEach(ArrayList.java:1511)
... Removed 36 stack frames]]>
    </failure>
  </testcase> <!-- @BeforeMethod setUp -->
  <testcase classname="WMS_Valid_Batch_7.WMS_FE2D_RateShop_Validation" name="@AfterMethod setUpend" time="0.0">
    <skipped/>
  </testcase> <!-- @AfterMethod setUpend -->
  <testcase classname="WMS_Valid_Batch_7.WMS_DHEP_RateShop_Validation" name="@BeforeMethod setUp" time="2.043">
    <failure type="org.openqa.selenium.SessionNotCreatedException" message="session not created: This version of ChromeDriver only supports Chrome version 114
Current browser version is 116.0.5845.97 with binary path C:\Users\bhn\AppData\Local\Google\Chrome\Application\chrome.exe
Build info: version: &amp;apos;3.141.59&amp;apos;, revision: &amp;apos;e82be7d358&amp;apos;, time: &amp;apos;2018-11-14T08:17:03&amp;apos;
System info: host: &amp;apos;BYODIICU3LIGOWY&amp;apos;, ip: &amp;apos;192.168.0.112&amp;apos;, os.name: &amp;apos;Windows 11&amp;apos;, os.arch: &amp;apos;amd64&amp;apos;, os.version: &amp;apos;10.0&amp;apos;, java.version: &amp;apos;17.0.8&amp;apos;
Driver info: driver.version: ChromeDriver
remote stacktrace: Backtrace:
	GetHandleVerifier [0x011FA813+48355]
	(No symbol) [0x0118C4B1]
	(No symbol) [0x01095358]
	(No symbol) [0x010B61AC]
	(No symbol) [0x010B1EF3]
	(No symbol) [0x010B0579]
	(No symbol) [0x010E0C55]
	(No symbol) [0x010E093C]
	(No symbol) [0x010DA536]
	(No symbol) [0x010B82DC]
	(No symbol) [0x010B93DD]
	GetHandleVerifier [0x0145AABD+2539405]
	GetHandleVerifier [0x0149A78F+2800735]
	GetHandleVerifier [0x0149456C+2775612]
	GetHandleVerifier [0x012851E0+616112]
	(No symbol) [0x01195F8C]
	(No symbol) [0x01192328]
	(No symbol) [0x0119240B]
	(No symbol) [0x01184FF7]
	BaseThreadInitThunk [0x756B6BA9+25]
	RtlGetFullPathName_UEx [0x779B8F9F+1215]
	RtlGetFullPathName_UEx [0x779B8F6D+1165]
">
      <![CDATA[org.openqa.selenium.SessionNotCreatedException: session not created: This version of ChromeDriver only supports Chrome version 114
Current browser version is 116.0.5845.97 with binary path C:\Users\bhn\AppData\Local\Google\Chrome\Application\chrome.exe
Build info: version: '3.141.59', revision: 'e82be7d358', time: '2018-11-14T08:17:03'
System info: host: 'BYODIICU3LIGOWY', ip: '192.168.0.112', os.name: 'Windows 11', os.arch: 'amd64', os.version: '10.0', java.version: '17.0.8'
Driver info: driver.version: ChromeDriver
remote stacktrace: Backtrace:
GetHandleVerifier [0x011FA813+48355]
(No symbol) [0x0118C4B1]
(No symbol) [0x01095358]
(No symbol) [0x010B61AC]
(No symbol) [0x010B1EF3]
(No symbol) [0x010B0579]
(No symbol) [0x010E0C55]
(No symbol) [0x010E093C]
(No symbol) [0x010DA536]
(No symbol) [0x010B82DC]
(No symbol) [0x010B93DD]
GetHandleVerifier [0x0145AABD+2539405]
GetHandleVerifier [0x0149A78F+2800735]
GetHandleVerifier [0x0149456C+2775612]
GetHandleVerifier [0x012851E0+616112]
(No symbol) [0x01195F8C]
(No symbol) [0x01192328]
(No symbol) [0x0119240B]
(No symbol) [0x01184FF7]
BaseThreadInitThunk [0x756B6BA9+25]
RtlGetFullPathName_UEx [0x779B8F9F+1215]
RtlGetFullPathName_UEx [0x779B8F6D+1165]

at org.openqa.selenium.remote.W3CHandshakeResponse.lambda$errorHandler$0(W3CHandshakeResponse.java:62)
at org.openqa.selenium.remote.HandshakeResponse.lambda$getResponseFunction$0(HandshakeResponse.java:30)
at org.openqa.selenium.remote.ProtocolHandshake.lambda$createSession$0(ProtocolHandshake.java:126)
at java.base/java.util.stream.ReferencePipeline$3$1.accept(ReferencePipeline.java:197)
at java.base/java.util.Spliterators$ArraySpliterator.tryAdvance(Spliterators.java:1002)
at java.base/java.util.stream.ReferencePipeline.forEachWithCancel(ReferencePipeline.java:129)
at java.base/java.util.stream.AbstractPipeline.copyIntoWithCancel(AbstractPipeline.java:527)
at java.base/java.util.stream.AbstractPipeline.copyInto(AbstractPipeline.java:513)
at java.base/java.util.stream.AbstractPipeline.wrapAndCopyInto(AbstractPipeline.java:499)
at java.base/java.util.stream.FindOps$FindOp.evaluateSequential(FindOps.java:150)
at java.base/java.util.stream.AbstractPipeline.evaluate(AbstractPipeline.java:234)
at java.base/java.util.stream.ReferencePipeline.findFirst(ReferencePipeline.java:647)
at org.openqa.selenium.remote.ProtocolHandshake.createSession(ProtocolHandshake.java:128)
at org.openqa.selenium.remote.ProtocolHandshake.createSession(ProtocolHandshake.java:74)
at org.openqa.selenium.remote.HttpCommandExecutor.execute(HttpCommandExecutor.java:136)
at org.openqa.selenium.remote.service.DriverCommandExecutor.execute(DriverCommandExecutor.java:83)
at org.openqa.selenium.remote.RemoteWebDriver.execute(RemoteWebDriver.java:552)
at org.openqa.selenium.remote.RemoteWebDriver.startSession(RemoteWebDriver.java:213)
at org.openqa.selenium.remote.RemoteWebDriver.<init>(RemoteWebDriver.java:131)
at org.openqa.selenium.chrome.ChromeDriver.<init>(ChromeDriver.java:181)
at org.openqa.selenium.chrome.ChromeDriver.<init>(ChromeDriver.java:168)
at org.openqa.selenium.chrome.ChromeDriver.<init>(ChromeDriver.java:157)
at com.WMS_Utilities.WMS_TestBase.invokeBrowser(WMS_TestBase.java:57)
at WMS_Valid_Batch_7.WMS_DHEP_RateShop_Validation.setUp(WMS_DHEP_RateShop_Validation.java:77)
at java.base/java.util.ArrayList.forEach(ArrayList.java:1511)
... Removed 36 stack frames]]>
    </failure>
  </testcase> <!-- @BeforeMethod setUp -->
  <testcase classname="WMS_Valid_Batch_7.WMS_DHEP_RateShop_Validation" name="@AfterMethod setUpend" time="0.0">
    <skipped/>
  </testcase> <!-- @AfterMethod setUpend -->
  <testcase classname="WMS_Valid_Batch_7.WMS_FEPO_Rateshop_Validation" name="@BeforeMethod setUp" time="1.955">
    <failure type="org.openqa.selenium.SessionNotCreatedException" message="session not created: This version of ChromeDriver only supports Chrome version 114
Current browser version is 116.0.5845.97 with binary path C:\Users\bhn\AppData\Local\Google\Chrome\Application\chrome.exe
Build info: version: &amp;apos;3.141.59&amp;apos;, revision: &amp;apos;e82be7d358&amp;apos;, time: &amp;apos;2018-11-14T08:17:03&amp;apos;
System info: host: &amp;apos;BYODIICU3LIGOWY&amp;apos;, ip: &amp;apos;192.168.0.112&amp;apos;, os.name: &amp;apos;Windows 11&amp;apos;, os.arch: &amp;apos;amd64&amp;apos;, os.version: &amp;apos;10.0&amp;apos;, java.version: &amp;apos;17.0.8&amp;apos;
Driver info: driver.version: ChromeDriver
remote stacktrace: Backtrace:
	GetHandleVerifier [0x011FA813+48355]
	(No symbol) [0x0118C4B1]
	(No symbol) [0x01095358]
	(No symbol) [0x010B61AC]
	(No symbol) [0x010B1EF3]
	(No symbol) [0x010B0579]
	(No symbol) [0x010E0C55]
	(No symbol) [0x010E093C]
	(No symbol) [0x010DA536]
	(No symbol) [0x010B82DC]
	(No symbol) [0x010B93DD]
	GetHandleVerifier [0x0145AABD+2539405]
	GetHandleVerifier [0x0149A78F+2800735]
	GetHandleVerifier [0x0149456C+2775612]
	GetHandleVerifier [0x012851E0+616112]
	(No symbol) [0x01195F8C]
	(No symbol) [0x01192328]
	(No symbol) [0x0119240B]
	(No symbol) [0x01184FF7]
	BaseThreadInitThunk [0x756B6BA9+25]
	RtlGetFullPathName_UEx [0x779B8F9F+1215]
	RtlGetFullPathName_UEx [0x779B8F6D+1165]
">
      <![CDATA[org.openqa.selenium.SessionNotCreatedException: session not created: This version of ChromeDriver only supports Chrome version 114
Current browser version is 116.0.5845.97 with binary path C:\Users\bhn\AppData\Local\Google\Chrome\Application\chrome.exe
Build info: version: '3.141.59', revision: 'e82be7d358', time: '2018-11-14T08:17:03'
System info: host: 'BYODIICU3LIGOWY', ip: '192.168.0.112', os.name: 'Windows 11', os.arch: 'amd64', os.version: '10.0', java.version: '17.0.8'
Driver info: driver.version: ChromeDriver
remote stacktrace: Backtrace:
GetHandleVerifier [0x011FA813+48355]
(No symbol) [0x0118C4B1]
(No symbol) [0x01095358]
(No symbol) [0x010B61AC]
(No symbol) [0x010B1EF3]
(No symbol) [0x010B0579]
(No symbol) [0x010E0C55]
(No symbol) [0x010E093C]
(No symbol) [0x010DA536]
(No symbol) [0x010B82DC]
(No symbol) [0x010B93DD]
GetHandleVerifier [0x0145AABD+2539405]
GetHandleVerifier [0x0149A78F+2800735]
GetHandleVerifier [0x0149456C+2775612]
GetHandleVerifier [0x012851E0+616112]
(No symbol) [0x01195F8C]
(No symbol) [0x01192328]
(No symbol) [0x0119240B]
(No symbol) [0x01184FF7]
BaseThreadInitThunk [0x756B6BA9+25]
RtlGetFullPathName_UEx [0x779B8F9F+1215]
RtlGetFullPathName_UEx [0x779B8F6D+1165]

at org.openqa.selenium.remote.W3CHandshakeResponse.lambda$errorHandler$0(W3CHandshakeResponse.java:62)
at org.openqa.selenium.remote.HandshakeResponse.lambda$getResponseFunction$0(HandshakeResponse.java:30)
at org.openqa.selenium.remote.ProtocolHandshake.lambda$createSession$0(ProtocolHandshake.java:126)
at java.base/java.util.stream.ReferencePipeline$3$1.accept(ReferencePipeline.java:197)
at java.base/java.util.Spliterators$ArraySpliterator.tryAdvance(Spliterators.java:1002)
at java.base/java.util.stream.ReferencePipeline.forEachWithCancel(ReferencePipeline.java:129)
at java.base/java.util.stream.AbstractPipeline.copyIntoWithCancel(AbstractPipeline.java:527)
at java.base/java.util.stream.AbstractPipeline.copyInto(AbstractPipeline.java:513)
at java.base/java.util.stream.AbstractPipeline.wrapAndCopyInto(AbstractPipeline.java:499)
at java.base/java.util.stream.FindOps$FindOp.evaluateSequential(FindOps.java:150)
at java.base/java.util.stream.AbstractPipeline.evaluate(AbstractPipeline.java:234)
at java.base/java.util.stream.ReferencePipeline.findFirst(ReferencePipeline.java:647)
at org.openqa.selenium.remote.ProtocolHandshake.createSession(ProtocolHandshake.java:128)
at org.openqa.selenium.remote.ProtocolHandshake.createSession(ProtocolHandshake.java:74)
at org.openqa.selenium.remote.HttpCommandExecutor.execute(HttpCommandExecutor.java:136)
at org.openqa.selenium.remote.service.DriverCommandExecutor.execute(DriverCommandExecutor.java:83)
at org.openqa.selenium.remote.RemoteWebDriver.execute(RemoteWebDriver.java:552)
at org.openqa.selenium.remote.RemoteWebDriver.startSession(RemoteWebDriver.java:213)
at org.openqa.selenium.remote.RemoteWebDriver.<init>(RemoteWebDriver.java:131)
at org.openqa.selenium.chrome.ChromeDriver.<init>(ChromeDriver.java:181)
at org.openqa.selenium.chrome.ChromeDriver.<init>(ChromeDriver.java:168)
at org.openqa.selenium.chrome.ChromeDriver.<init>(ChromeDriver.java:157)
at com.WMS_Utilities.WMS_TestBase.invokeBrowser(WMS_TestBase.java:57)
at WMS_Valid_Batch_7.WMS_FEPO_Rateshop_Validation.setUp(WMS_FEPO_Rateshop_Validation.java:76)
at java.base/java.util.ArrayList.forEach(ArrayList.java:1511)
... Removed 36 stack frames]]>
    </failure>
  </testcase> <!-- @BeforeMethod setUp -->
  <testcase classname="WMS_Valid_Batch_7.WMS_FEPO_Rateshop_Validation" name="@AfterMethod setUpend" time="0.0">
    <skipped/>
  </testcase> <!-- @AfterMethod setUpend -->
  <testcase classname="WMS_Valid_Batch_7.WMS_FGCG_Rateshop_Validation" name="@BeforeMethod setUp" time="2.099">
    <failure type="org.openqa.selenium.SessionNotCreatedException" message="session not created: This version of ChromeDriver only supports Chrome version 114
Current browser version is 116.0.5845.97 with binary path C:\Users\bhn\AppData\Local\Google\Chrome\Application\chrome.exe
Build info: version: &amp;apos;3.141.59&amp;apos;, revision: &amp;apos;e82be7d358&amp;apos;, time: &amp;apos;2018-11-14T08:17:03&amp;apos;
System info: host: &amp;apos;BYODIICU3LIGOWY&amp;apos;, ip: &amp;apos;192.168.0.112&amp;apos;, os.name: &amp;apos;Windows 11&amp;apos;, os.arch: &amp;apos;amd64&amp;apos;, os.version: &amp;apos;10.0&amp;apos;, java.version: &amp;apos;17.0.8&amp;apos;
Driver info: driver.version: ChromeDriver
remote stacktrace: Backtrace:
	GetHandleVerifier [0x011FA813+48355]
	(No symbol) [0x0118C4B1]
	(No symbol) [0x01095358]
	(No symbol) [0x010B61AC]
	(No symbol) [0x010B1EF3]
	(No symbol) [0x010B0579]
	(No symbol) [0x010E0C55]
	(No symbol) [0x010E093C]
	(No symbol) [0x010DA536]
	(No symbol) [0x010B82DC]
	(No symbol) [0x010B93DD]
	GetHandleVerifier [0x0145AABD+2539405]
	GetHandleVerifier [0x0149A78F+2800735]
	GetHandleVerifier [0x0149456C+2775612]
	GetHandleVerifier [0x012851E0+616112]
	(No symbol) [0x01195F8C]
	(No symbol) [0x01192328]
	(No symbol) [0x0119240B]
	(No symbol) [0x01184FF7]
	BaseThreadInitThunk [0x756B6BA9+25]
	RtlGetFullPathName_UEx [0x779B8F9F+1215]
	RtlGetFullPathName_UEx [0x779B8F6D+1165]
">
      <![CDATA[org.openqa.selenium.SessionNotCreatedException: session not created: This version of ChromeDriver only supports Chrome version 114
Current browser version is 116.0.5845.97 with binary path C:\Users\bhn\AppData\Local\Google\Chrome\Application\chrome.exe
Build info: version: '3.141.59', revision: 'e82be7d358', time: '2018-11-14T08:17:03'
System info: host: 'BYODIICU3LIGOWY', ip: '192.168.0.112', os.name: 'Windows 11', os.arch: 'amd64', os.version: '10.0', java.version: '17.0.8'
Driver info: driver.version: ChromeDriver
remote stacktrace: Backtrace:
GetHandleVerifier [0x011FA813+48355]
(No symbol) [0x0118C4B1]
(No symbol) [0x01095358]
(No symbol) [0x010B61AC]
(No symbol) [0x010B1EF3]
(No symbol) [0x010B0579]
(No symbol) [0x010E0C55]
(No symbol) [0x010E093C]
(No symbol) [0x010DA536]
(No symbol) [0x010B82DC]
(No symbol) [0x010B93DD]
GetHandleVerifier [0x0145AABD+2539405]
GetHandleVerifier [0x0149A78F+2800735]
GetHandleVerifier [0x0149456C+2775612]
GetHandleVerifier [0x012851E0+616112]
(No symbol) [0x01195F8C]
(No symbol) [0x01192328]
(No symbol) [0x0119240B]
(No symbol) [0x01184FF7]
BaseThreadInitThunk [0x756B6BA9+25]
RtlGetFullPathName_UEx [0x779B8F9F+1215]
RtlGetFullPathName_UEx [0x779B8F6D+1165]

at org.openqa.selenium.remote.W3CHandshakeResponse.lambda$errorHandler$0(W3CHandshakeResponse.java:62)
at org.openqa.selenium.remote.HandshakeResponse.lambda$getResponseFunction$0(HandshakeResponse.java:30)
at org.openqa.selenium.remote.ProtocolHandshake.lambda$createSession$0(ProtocolHandshake.java:126)
at java.base/java.util.stream.ReferencePipeline$3$1.accept(ReferencePipeline.java:197)
at java.base/java.util.Spliterators$ArraySpliterator.tryAdvance(Spliterators.java:1002)
at java.base/java.util.stream.ReferencePipeline.forEachWithCancel(ReferencePipeline.java:129)
at java.base/java.util.stream.AbstractPipeline.copyIntoWithCancel(AbstractPipeline.java:527)
at java.base/java.util.stream.AbstractPipeline.copyInto(AbstractPipeline.java:513)
at java.base/java.util.stream.AbstractPipeline.wrapAndCopyInto(AbstractPipeline.java:499)
at java.base/java.util.stream.FindOps$FindOp.evaluateSequential(FindOps.java:150)
at java.base/java.util.stream.AbstractPipeline.evaluate(AbstractPipeline.java:234)
at java.base/java.util.stream.ReferencePipeline.findFirst(ReferencePipeline.java:647)
at org.openqa.selenium.remote.ProtocolHandshake.createSession(ProtocolHandshake.java:128)
at org.openqa.selenium.remote.ProtocolHandshake.createSession(ProtocolHandshake.java:74)
at org.openqa.selenium.remote.HttpCommandExecutor.execute(HttpCommandExecutor.java:136)
at org.openqa.selenium.remote.service.DriverCommandExecutor.execute(DriverCommandExecutor.java:83)
at org.openqa.selenium.remote.RemoteWebDriver.execute(RemoteWebDriver.java:552)
at org.openqa.selenium.remote.RemoteWebDriver.startSession(RemoteWebDriver.java:213)
at org.openqa.selenium.remote.RemoteWebDriver.<init>(RemoteWebDriver.java:131)
at org.openqa.selenium.chrome.ChromeDriver.<init>(ChromeDriver.java:181)
at org.openqa.selenium.chrome.ChromeDriver.<init>(ChromeDriver.java:168)
at org.openqa.selenium.chrome.ChromeDriver.<init>(ChromeDriver.java:157)
at com.WMS_Utilities.WMS_TestBase.invokeBrowser(WMS_TestBase.java:57)
at WMS_Valid_Batch_7.WMS_FGCG_Rateshop_Validation.setUp(WMS_FGCG_Rateshop_Validation.java:77)
at java.base/java.util.ArrayList.forEach(ArrayList.java:1511)
... Removed 36 stack frames]]>
    </failure>
  </testcase> <!-- @BeforeMethod setUp -->
  <testcase classname="WMS_Valid_Batch_7.WMS_FGCG_Rateshop_Validation" name="@AfterMethod setUpend" time="0.0">
    <skipped/>
  </testcase> <!-- @AfterMethod setUpend -->
  <testcase classname="WMS_Valid_Batch_7.WMS_FGHD_RateShop_Validation" name="@BeforeMethod setUp" time="2.242">
    <failure type="org.openqa.selenium.SessionNotCreatedException" message="session not created: This version of ChromeDriver only supports Chrome version 114
Current browser version is 116.0.5845.97 with binary path C:\Users\bhn\AppData\Local\Google\Chrome\Application\chrome.exe
Build info: version: &amp;apos;3.141.59&amp;apos;, revision: &amp;apos;e82be7d358&amp;apos;, time: &amp;apos;2018-11-14T08:17:03&amp;apos;
System info: host: &amp;apos;BYODIICU3LIGOWY&amp;apos;, ip: &amp;apos;192.168.0.112&amp;apos;, os.name: &amp;apos;Windows 11&amp;apos;, os.arch: &amp;apos;amd64&amp;apos;, os.version: &amp;apos;10.0&amp;apos;, java.version: &amp;apos;17.0.8&amp;apos;
Driver info: driver.version: ChromeDriver
remote stacktrace: Backtrace:
	GetHandleVerifier [0x011FA813+48355]
	(No symbol) [0x0118C4B1]
	(No symbol) [0x01095358]
	(No symbol) [0x010B61AC]
	(No symbol) [0x010B1EF3]
	(No symbol) [0x010B0579]
	(No symbol) [0x010E0C55]
	(No symbol) [0x010E093C]
	(No symbol) [0x010DA536]
	(No symbol) [0x010B82DC]
	(No symbol) [0x010B93DD]
	GetHandleVerifier [0x0145AABD+2539405]
	GetHandleVerifier [0x0149A78F+2800735]
	GetHandleVerifier [0x0149456C+2775612]
	GetHandleVerifier [0x012851E0+616112]
	(No symbol) [0x01195F8C]
	(No symbol) [0x01192328]
	(No symbol) [0x0119240B]
	(No symbol) [0x01184FF7]
	BaseThreadInitThunk [0x756B6BA9+25]
	RtlGetFullPathName_UEx [0x779B8F9F+1215]
	RtlGetFullPathName_UEx [0x779B8F6D+1165]
">
      <![CDATA[org.openqa.selenium.SessionNotCreatedException: session not created: This version of ChromeDriver only supports Chrome version 114
Current browser version is 116.0.5845.97 with binary path C:\Users\bhn\AppData\Local\Google\Chrome\Application\chrome.exe
Build info: version: '3.141.59', revision: 'e82be7d358', time: '2018-11-14T08:17:03'
System info: host: 'BYODIICU3LIGOWY', ip: '192.168.0.112', os.name: 'Windows 11', os.arch: 'amd64', os.version: '10.0', java.version: '17.0.8'
Driver info: driver.version: ChromeDriver
remote stacktrace: Backtrace:
GetHandleVerifier [0x011FA813+48355]
(No symbol) [0x0118C4B1]
(No symbol) [0x01095358]
(No symbol) [0x010B61AC]
(No symbol) [0x010B1EF3]
(No symbol) [0x010B0579]
(No symbol) [0x010E0C55]
(No symbol) [0x010E093C]
(No symbol) [0x010DA536]
(No symbol) [0x010B82DC]
(No symbol) [0x010B93DD]
GetHandleVerifier [0x0145AABD+2539405]
GetHandleVerifier [0x0149A78F+2800735]
GetHandleVerifier [0x0149456C+2775612]
GetHandleVerifier [0x012851E0+616112]
(No symbol) [0x01195F8C]
(No symbol) [0x01192328]
(No symbol) [0x0119240B]
(No symbol) [0x01184FF7]
BaseThreadInitThunk [0x756B6BA9+25]
RtlGetFullPathName_UEx [0x779B8F9F+1215]
RtlGetFullPathName_UEx [0x779B8F6D+1165]

at org.openqa.selenium.remote.W3CHandshakeResponse.lambda$errorHandler$0(W3CHandshakeResponse.java:62)
at org.openqa.selenium.remote.HandshakeResponse.lambda$getResponseFunction$0(HandshakeResponse.java:30)
at org.openqa.selenium.remote.ProtocolHandshake.lambda$createSession$0(ProtocolHandshake.java:126)
at java.base/java.util.stream.ReferencePipeline$3$1.accept(ReferencePipeline.java:197)
at java.base/java.util.Spliterators$ArraySpliterator.tryAdvance(Spliterators.java:1002)
at java.base/java.util.stream.ReferencePipeline.forEachWithCancel(ReferencePipeline.java:129)
at java.base/java.util.stream.AbstractPipeline.copyIntoWithCancel(AbstractPipeline.java:527)
at java.base/java.util.stream.AbstractPipeline.copyInto(AbstractPipeline.java:513)
at java.base/java.util.stream.AbstractPipeline.wrapAndCopyInto(AbstractPipeline.java:499)
at java.base/java.util.stream.FindOps$FindOp.evaluateSequential(FindOps.java:150)
at java.base/java.util.stream.AbstractPipeline.evaluate(AbstractPipeline.java:234)
at java.base/java.util.stream.ReferencePipeline.findFirst(ReferencePipeline.java:647)
at org.openqa.selenium.remote.ProtocolHandshake.createSession(ProtocolHandshake.java:128)
at org.openqa.selenium.remote.ProtocolHandshake.createSession(ProtocolHandshake.java:74)
at org.openqa.selenium.remote.HttpCommandExecutor.execute(HttpCommandExecutor.java:136)
at org.openqa.selenium.remote.service.DriverCommandExecutor.execute(DriverCommandExecutor.java:83)
at org.openqa.selenium.remote.RemoteWebDriver.execute(RemoteWebDriver.java:552)
at org.openqa.selenium.remote.RemoteWebDriver.startSession(RemoteWebDriver.java:213)
at org.openqa.selenium.remote.RemoteWebDriver.<init>(RemoteWebDriver.java:131)
at org.openqa.selenium.chrome.ChromeDriver.<init>(ChromeDriver.java:181)
at org.openqa.selenium.chrome.ChromeDriver.<init>(ChromeDriver.java:168)
at org.openqa.selenium.chrome.ChromeDriver.<init>(ChromeDriver.java:157)
at com.WMS_Utilities.WMS_TestBase.invokeBrowser(WMS_TestBase.java:57)
at WMS_Valid_Batch_7.WMS_FGHD_RateShop_Validation.setUp(WMS_FGHD_RateShop_Validation.java:76)
at java.base/java.util.ArrayList.forEach(ArrayList.java:1511)
... Removed 36 stack frames]]>
    </failure>
  </testcase> <!-- @BeforeMethod setUp -->
  <testcase classname="WMS_Valid_Batch_7.WMS_FGHD_RateShop_Validation" name="@AfterMethod setUpend" time="0.0">
    <skipped/>
  </testcase> <!-- @AfterMethod setUpend -->
  <testcase classname="WMS_Valid_Batch_7.WMS_ONTRAC_Rateshop_Validation" name="@BeforeMethod setUp" time="1.901">
    <failure type="org.openqa.selenium.SessionNotCreatedException" message="session not created: This version of ChromeDriver only supports Chrome version 114
Current browser version is 116.0.5845.97 with binary path C:\Users\bhn\AppData\Local\Google\Chrome\Application\chrome.exe
Build info: version: &amp;apos;3.141.59&amp;apos;, revision: &amp;apos;e82be7d358&amp;apos;, time: &amp;apos;2018-11-14T08:17:03&amp;apos;
System info: host: &amp;apos;BYODIICU3LIGOWY&amp;apos;, ip: &amp;apos;192.168.0.112&amp;apos;, os.name: &amp;apos;Windows 11&amp;apos;, os.arch: &amp;apos;amd64&amp;apos;, os.version: &amp;apos;10.0&amp;apos;, java.version: &amp;apos;17.0.8&amp;apos;
Driver info: driver.version: ChromeDriver
remote stacktrace: Backtrace:
	GetHandleVerifier [0x011FA813+48355]
	(No symbol) [0x0118C4B1]
	(No symbol) [0x01095358]
	(No symbol) [0x010B61AC]
	(No symbol) [0x010B1EF3]
	(No symbol) [0x010B0579]
	(No symbol) [0x010E0C55]
	(No symbol) [0x010E093C]
	(No symbol) [0x010DA536]
	(No symbol) [0x010B82DC]
	(No symbol) [0x010B93DD]
	GetHandleVerifier [0x0145AABD+2539405]
	GetHandleVerifier [0x0149A78F+2800735]
	GetHandleVerifier [0x0149456C+2775612]
	GetHandleVerifier [0x012851E0+616112]
	(No symbol) [0x01195F8C]
	(No symbol) [0x01192328]
	(No symbol) [0x0119240B]
	(No symbol) [0x01184FF7]
	BaseThreadInitThunk [0x756B6BA9+25]
	RtlGetFullPathName_UEx [0x779B8F9F+1215]
	RtlGetFullPathName_UEx [0x779B8F6D+1165]
">
      <![CDATA[org.openqa.selenium.SessionNotCreatedException: session not created: This version of ChromeDriver only supports Chrome version 114
Current browser version is 116.0.5845.97 with binary path C:\Users\bhn\AppData\Local\Google\Chrome\Application\chrome.exe
Build info: version: '3.141.59', revision: 'e82be7d358', time: '2018-11-14T08:17:03'
System info: host: 'BYODIICU3LIGOWY', ip: '192.168.0.112', os.name: 'Windows 11', os.arch: 'amd64', os.version: '10.0', java.version: '17.0.8'
Driver info: driver.version: ChromeDriver
remote stacktrace: Backtrace:
GetHandleVerifier [0x011FA813+48355]
(No symbol) [0x0118C4B1]
(No symbol) [0x01095358]
(No symbol) [0x010B61AC]
(No symbol) [0x010B1EF3]
(No symbol) [0x010B0579]
(No symbol) [0x010E0C55]
(No symbol) [0x010E093C]
(No symbol) [0x010DA536]
(No symbol) [0x010B82DC]
(No symbol) [0x010B93DD]
GetHandleVerifier [0x0145AABD+2539405]
GetHandleVerifier [0x0149A78F+2800735]
GetHandleVerifier [0x0149456C+2775612]
GetHandleVerifier [0x012851E0+616112]
(No symbol) [0x01195F8C]
(No symbol) [0x01192328]
(No symbol) [0x0119240B]
(No symbol) [0x01184FF7]
BaseThreadInitThunk [0x756B6BA9+25]
RtlGetFullPathName_UEx [0x779B8F9F+1215]
RtlGetFullPathName_UEx [0x779B8F6D+1165]

at org.openqa.selenium.remote.W3CHandshakeResponse.lambda$errorHandler$0(W3CHandshakeResponse.java:62)
at org.openqa.selenium.remote.HandshakeResponse.lambda$getResponseFunction$0(HandshakeResponse.java:30)
at org.openqa.selenium.remote.ProtocolHandshake.lambda$createSession$0(ProtocolHandshake.java:126)
at java.base/java.util.stream.ReferencePipeline$3$1.accept(ReferencePipeline.java:197)
at java.base/java.util.Spliterators$ArraySpliterator.tryAdvance(Spliterators.java:1002)
at java.base/java.util.stream.ReferencePipeline.forEachWithCancel(ReferencePipeline.java:129)
at java.base/java.util.stream.AbstractPipeline.copyIntoWithCancel(AbstractPipeline.java:527)
at java.base/java.util.stream.AbstractPipeline.copyInto(AbstractPipeline.java:513)
at java.base/java.util.stream.AbstractPipeline.wrapAndCopyInto(AbstractPipeline.java:499)
at java.base/java.util.stream.FindOps$FindOp.evaluateSequential(FindOps.java:150)
at java.base/java.util.stream.AbstractPipeline.evaluate(AbstractPipeline.java:234)
at java.base/java.util.stream.ReferencePipeline.findFirst(ReferencePipeline.java:647)
at org.openqa.selenium.remote.ProtocolHandshake.createSession(ProtocolHandshake.java:128)
at org.openqa.selenium.remote.ProtocolHandshake.createSession(ProtocolHandshake.java:74)
at org.openqa.selenium.remote.HttpCommandExecutor.execute(HttpCommandExecutor.java:136)
at org.openqa.selenium.remote.service.DriverCommandExecutor.execute(DriverCommandExecutor.java:83)
at org.openqa.selenium.remote.RemoteWebDriver.execute(RemoteWebDriver.java:552)
at org.openqa.selenium.remote.RemoteWebDriver.startSession(RemoteWebDriver.java:213)
at org.openqa.selenium.remote.RemoteWebDriver.<init>(RemoteWebDriver.java:131)
at org.openqa.selenium.chrome.ChromeDriver.<init>(ChromeDriver.java:181)
at org.openqa.selenium.chrome.ChromeDriver.<init>(ChromeDriver.java:168)
at org.openqa.selenium.chrome.ChromeDriver.<init>(ChromeDriver.java:157)
at com.WMS_Utilities.WMS_TestBase.invokeBrowser(WMS_TestBase.java:57)
at WMS_Valid_Batch_7.WMS_ONTRAC_Rateshop_Validation.setUp(WMS_ONTRAC_Rateshop_Validation.java:76)
at java.base/java.util.ArrayList.forEach(ArrayList.java:1511)
... Removed 36 stack frames]]>
    </failure>
  </testcase> <!-- @BeforeMethod setUp -->
  <testcase classname="WMS_Valid_Batch_7.WMS_ONTRAC_Rateshop_Validation" name="@AfterMethod setUpend" time="0.0">
    <skipped/>
  </testcase> <!-- @AfterMethod setUpend -->
  <testcase classname="WMS_Valid_Batch_7.WMS_USSG_Rateshop_Validation" name="@BeforeMethod setUp" time="2.001">
    <failure type="org.openqa.selenium.SessionNotCreatedException" message="session not created: This version of ChromeDriver only supports Chrome version 114
Current browser version is 116.0.5845.97 with binary path C:\Users\bhn\AppData\Local\Google\Chrome\Application\chrome.exe
Build info: version: &amp;apos;3.141.59&amp;apos;, revision: &amp;apos;e82be7d358&amp;apos;, time: &amp;apos;2018-11-14T08:17:03&amp;apos;
System info: host: &amp;apos;BYODIICU3LIGOWY&amp;apos;, ip: &amp;apos;192.168.0.112&amp;apos;, os.name: &amp;apos;Windows 11&amp;apos;, os.arch: &amp;apos;amd64&amp;apos;, os.version: &amp;apos;10.0&amp;apos;, java.version: &amp;apos;17.0.8&amp;apos;
Driver info: driver.version: ChromeDriver
remote stacktrace: Backtrace:
	GetHandleVerifier [0x011FA813+48355]
	(No symbol) [0x0118C4B1]
	(No symbol) [0x01095358]
	(No symbol) [0x010B61AC]
	(No symbol) [0x010B1EF3]
	(No symbol) [0x010B0579]
	(No symbol) [0x010E0C55]
	(No symbol) [0x010E093C]
	(No symbol) [0x010DA536]
	(No symbol) [0x010B82DC]
	(No symbol) [0x010B93DD]
	GetHandleVerifier [0x0145AABD+2539405]
	GetHandleVerifier [0x0149A78F+2800735]
	GetHandleVerifier [0x0149456C+2775612]
	GetHandleVerifier [0x012851E0+616112]
	(No symbol) [0x01195F8C]
	(No symbol) [0x01192328]
	(No symbol) [0x0119240B]
	(No symbol) [0x01184FF7]
	BaseThreadInitThunk [0x756B6BA9+25]
	RtlGetFullPathName_UEx [0x779B8F9F+1215]
	RtlGetFullPathName_UEx [0x779B8F6D+1165]
">
      <![CDATA[org.openqa.selenium.SessionNotCreatedException: session not created: This version of ChromeDriver only supports Chrome version 114
Current browser version is 116.0.5845.97 with binary path C:\Users\bhn\AppData\Local\Google\Chrome\Application\chrome.exe
Build info: version: '3.141.59', revision: 'e82be7d358', time: '2018-11-14T08:17:03'
System info: host: 'BYODIICU3LIGOWY', ip: '192.168.0.112', os.name: 'Windows 11', os.arch: 'amd64', os.version: '10.0', java.version: '17.0.8'
Driver info: driver.version: ChromeDriver
remote stacktrace: Backtrace:
GetHandleVerifier [0x011FA813+48355]
(No symbol) [0x0118C4B1]
(No symbol) [0x01095358]
(No symbol) [0x010B61AC]
(No symbol) [0x010B1EF3]
(No symbol) [0x010B0579]
(No symbol) [0x010E0C55]
(No symbol) [0x010E093C]
(No symbol) [0x010DA536]
(No symbol) [0x010B82DC]
(No symbol) [0x010B93DD]
GetHandleVerifier [0x0145AABD+2539405]
GetHandleVerifier [0x0149A78F+2800735]
GetHandleVerifier [0x0149456C+2775612]
GetHandleVerifier [0x012851E0+616112]
(No symbol) [0x01195F8C]
(No symbol) [0x01192328]
(No symbol) [0x0119240B]
(No symbol) [0x01184FF7]
BaseThreadInitThunk [0x756B6BA9+25]
RtlGetFullPathName_UEx [0x779B8F9F+1215]
RtlGetFullPathName_UEx [0x779B8F6D+1165]

at org.openqa.selenium.remote.W3CHandshakeResponse.lambda$errorHandler$0(W3CHandshakeResponse.java:62)
at org.openqa.selenium.remote.HandshakeResponse.lambda$getResponseFunction$0(HandshakeResponse.java:30)
at org.openqa.selenium.remote.ProtocolHandshake.lambda$createSession$0(ProtocolHandshake.java:126)
at java.base/java.util.stream.ReferencePipeline$3$1.accept(ReferencePipeline.java:197)
at java.base/java.util.Spliterators$ArraySpliterator.tryAdvance(Spliterators.java:1002)
at java.base/java.util.stream.ReferencePipeline.forEachWithCancel(ReferencePipeline.java:129)
at java.base/java.util.stream.AbstractPipeline.copyIntoWithCancel(AbstractPipeline.java:527)
at java.base/java.util.stream.AbstractPipeline.copyInto(AbstractPipeline.java:513)
at java.base/java.util.stream.AbstractPipeline.wrapAndCopyInto(AbstractPipeline.java:499)
at java.base/java.util.stream.FindOps$FindOp.evaluateSequential(FindOps.java:150)
at java.base/java.util.stream.AbstractPipeline.evaluate(AbstractPipeline.java:234)
at java.base/java.util.stream.ReferencePipeline.findFirst(ReferencePipeline.java:647)
at org.openqa.selenium.remote.ProtocolHandshake.createSession(ProtocolHandshake.java:128)
at org.openqa.selenium.remote.ProtocolHandshake.createSession(ProtocolHandshake.java:74)
at org.openqa.selenium.remote.HttpCommandExecutor.execute(HttpCommandExecutor.java:136)
at org.openqa.selenium.remote.service.DriverCommandExecutor.execute(DriverCommandExecutor.java:83)
at org.openqa.selenium.remote.RemoteWebDriver.execute(RemoteWebDriver.java:552)
at org.openqa.selenium.remote.RemoteWebDriver.startSession(RemoteWebDriver.java:213)
at org.openqa.selenium.remote.RemoteWebDriver.<init>(RemoteWebDriver.java:131)
at org.openqa.selenium.chrome.ChromeDriver.<init>(ChromeDriver.java:181)
at org.openqa.selenium.chrome.ChromeDriver.<init>(ChromeDriver.java:168)
at org.openqa.selenium.chrome.ChromeDriver.<init>(ChromeDriver.java:157)
at com.WMS_Utilities.WMS_TestBase.invokeBrowser(WMS_TestBase.java:57)
at WMS_Valid_Batch_7.WMS_USSG_Rateshop_Validation.setUp(WMS_USSG_Rateshop_Validation.java:77)
at java.base/java.util.ArrayList.forEach(ArrayList.java:1511)
... Removed 36 stack frames]]>
    </failure>
  </testcase> <!-- @BeforeMethod setUp -->
  <testcase classname="WMS_Valid_Batch_7.WMS_USSG_Rateshop_Validation" name="@AfterMethod setUpend" time="0.0">
    <skipped/>
  </testcase> <!-- @AfterMethod setUpend -->
  <testcase classname="WMS_Valid_Batch_7.WMS_USFC_Rateshop_Validation" name="@BeforeMethod setUp" time="2.177">
    <failure type="org.openqa.selenium.SessionNotCreatedException" message="session not created: This version of ChromeDriver only supports Chrome version 114
Current browser version is 116.0.5845.97 with binary path C:\Users\bhn\AppData\Local\Google\Chrome\Application\chrome.exe
Build info: version: &amp;apos;3.141.59&amp;apos;, revision: &amp;apos;e82be7d358&amp;apos;, time: &amp;apos;2018-11-14T08:17:03&amp;apos;
System info: host: &amp;apos;BYODIICU3LIGOWY&amp;apos;, ip: &amp;apos;192.168.0.112&amp;apos;, os.name: &amp;apos;Windows 11&amp;apos;, os.arch: &amp;apos;amd64&amp;apos;, os.version: &amp;apos;10.0&amp;apos;, java.version: &amp;apos;17.0.8&amp;apos;
Driver info: driver.version: ChromeDriver
remote stacktrace: Backtrace:
	GetHandleVerifier [0x011FA813+48355]
	(No symbol) [0x0118C4B1]
	(No symbol) [0x01095358]
	(No symbol) [0x010B61AC]
	(No symbol) [0x010B1EF3]
	(No symbol) [0x010B0579]
	(No symbol) [0x010E0C55]
	(No symbol) [0x010E093C]
	(No symbol) [0x010DA536]
	(No symbol) [0x010B82DC]
	(No symbol) [0x010B93DD]
	GetHandleVerifier [0x0145AABD+2539405]
	GetHandleVerifier [0x0149A78F+2800735]
	GetHandleVerifier [0x0149456C+2775612]
	GetHandleVerifier [0x012851E0+616112]
	(No symbol) [0x01195F8C]
	(No symbol) [0x01192328]
	(No symbol) [0x0119240B]
	(No symbol) [0x01184FF7]
	BaseThreadInitThunk [0x756B6BA9+25]
	RtlGetFullPathName_UEx [0x779B8F9F+1215]
	RtlGetFullPathName_UEx [0x779B8F6D+1165]
">
      <![CDATA[org.openqa.selenium.SessionNotCreatedException: session not created: This version of ChromeDriver only supports Chrome version 114
Current browser version is 116.0.5845.97 with binary path C:\Users\bhn\AppData\Local\Google\Chrome\Application\chrome.exe
Build info: version: '3.141.59', revision: 'e82be7d358', time: '2018-11-14T08:17:03'
System info: host: 'BYODIICU3LIGOWY', ip: '192.168.0.112', os.name: 'Windows 11', os.arch: 'amd64', os.version: '10.0', java.version: '17.0.8'
Driver info: driver.version: ChromeDriver
remote stacktrace: Backtrace:
GetHandleVerifier [0x011FA813+48355]
(No symbol) [0x0118C4B1]
(No symbol) [0x01095358]
(No symbol) [0x010B61AC]
(No symbol) [0x010B1EF3]
(No symbol) [0x010B0579]
(No symbol) [0x010E0C55]
(No symbol) [0x010E093C]
(No symbol) [0x010DA536]
(No symbol) [0x010B82DC]
(No symbol) [0x010B93DD]
GetHandleVerifier [0x0145AABD+2539405]
GetHandleVerifier [0x0149A78F+2800735]
GetHandleVerifier [0x0149456C+2775612]
GetHandleVerifier [0x012851E0+616112]
(No symbol) [0x01195F8C]
(No symbol) [0x01192328]
(No symbol) [0x0119240B]
(No symbol) [0x01184FF7]
BaseThreadInitThunk [0x756B6BA9+25]
RtlGetFullPathName_UEx [0x779B8F9F+1215]
RtlGetFullPathName_UEx [0x779B8F6D+1165]

at org.openqa.selenium.remote.W3CHandshakeResponse.lambda$errorHandler$0(W3CHandshakeResponse.java:62)
at org.openqa.selenium.remote.HandshakeResponse.lambda$getResponseFunction$0(HandshakeResponse.java:30)
at org.openqa.selenium.remote.ProtocolHandshake.lambda$createSession$0(ProtocolHandshake.java:126)
at java.base/java.util.stream.ReferencePipeline$3$1.accept(ReferencePipeline.java:197)
at java.base/java.util.Spliterators$ArraySpliterator.tryAdvance(Spliterators.java:1002)
at java.base/java.util.stream.ReferencePipeline.forEachWithCancel(ReferencePipeline.java:129)
at java.base/java.util.stream.AbstractPipeline.copyIntoWithCancel(AbstractPipeline.java:527)
at java.base/java.util.stream.AbstractPipeline.copyInto(AbstractPipeline.java:513)
at java.base/java.util.stream.AbstractPipeline.wrapAndCopyInto(AbstractPipeline.java:499)
at java.base/java.util.stream.FindOps$FindOp.evaluateSequential(FindOps.java:150)
at java.base/java.util.stream.AbstractPipeline.evaluate(AbstractPipeline.java:234)
at java.base/java.util.stream.ReferencePipeline.findFirst(ReferencePipeline.java:647)
at org.openqa.selenium.remote.ProtocolHandshake.createSession(ProtocolHandshake.java:128)
at org.openqa.selenium.remote.ProtocolHandshake.createSession(ProtocolHandshake.java:74)
at org.openqa.selenium.remote.HttpCommandExecutor.execute(HttpCommandExecutor.java:136)
at org.openqa.selenium.remote.service.DriverCommandExecutor.execute(DriverCommandExecutor.java:83)
at org.openqa.selenium.remote.RemoteWebDriver.execute(RemoteWebDriver.java:552)
at org.openqa.selenium.remote.RemoteWebDriver.startSession(RemoteWebDriver.java:213)
at org.openqa.selenium.remote.RemoteWebDriver.<init>(RemoteWebDriver.java:131)
at org.openqa.selenium.chrome.ChromeDriver.<init>(ChromeDriver.java:181)
at org.openqa.selenium.chrome.ChromeDriver.<init>(ChromeDriver.java:168)
at org.openqa.selenium.chrome.ChromeDriver.<init>(ChromeDriver.java:157)
at com.WMS_Utilities.WMS_TestBase.invokeBrowser(WMS_TestBase.java:57)
at WMS_Valid_Batch_7.WMS_USFC_Rateshop_Validation.setUp(WMS_USFC_Rateshop_Validation.java:77)
at java.base/java.util.ArrayList.forEach(ArrayList.java:1511)
... Removed 36 stack frames]]>
    </failure>
  </testcase> <!-- @BeforeMethod setUp -->
  <testcase classname="WMS_Valid_Batch_7.WMS_USFC_Rateshop_Validation" name="@AfterMethod setUpend" time="0.0">
    <skipped/>
  </testcase> <!-- @AfterMethod setUpend -->
  <testcase classname="WMS_Valid_Batch_7.WMS_FE2D_RateShop_Validation" name="orderAllocation" time="0.0">
    <skipped/>
  </testcase> <!-- orderAllocation -->
  <testcase classname="WMS_Valid_Batch_7.WMS_DHEP_RateShop_Validation" name="orderAllocation" time="0.001">
    <skipped/>
  </testcase> <!-- orderAllocation -->
  <testcase classname="WMS_Valid_Batch_7.WMS_FEPO_Rateshop_Validation" name="orderAllocation" time="0.0">
    <skipped/>
  </testcase> <!-- orderAllocation -->
  <testcase classname="WMS_Valid_Batch_7.WMS_FGCG_Rateshop_Validation" name="orderAllocation" time="0.0">
    <skipped/>
  </testcase> <!-- orderAllocation -->
  <testcase classname="WMS_Valid_Batch_7.WMS_FGHD_RateShop_Validation" name="orderAllocation" time="0.0">
    <skipped/>
  </testcase> <!-- orderAllocation -->
  <testcase classname="WMS_Valid_Batch_7.WMS_ONTRAC_Rateshop_Validation" name="orderAllocation" time="0.0">
    <skipped/>
  </testcase> <!-- orderAllocation -->
  <testcase classname="WMS_Valid_Batch_7.WMS_USSG_Rateshop_Validation" name="orderAllocation" time="0.0">
    <skipped/>
  </testcase> <!-- orderAllocation -->
  <testcase classname="WMS_Valid_Batch_7.WMS_USFC_Rateshop_Validation" name="orderAllocation" time="0.0">
    <skipped/>
  </testcase> <!-- orderAllocation -->
</testsuite> <!-- Rateshop -->
