<?xml version="1.0" encoding="UTF-8"?>
<!-- Generated by org.testng.reporters.JUnitXMLReporter -->
<testsuite ignored="0" hostname="BYODIIcU3lIgowY" failures="0" tests="8" name="Rateshop" time="9177.529" errors="0" timestamp="2023-09-04T19:03:44 IST">
  <testcase classname="WMS_Valid_Batch_7.WMS_FE2D_RateShop_Validation" name="orderAllocation" time="522.46"/>
  <testcase classname="WMS_Valid_Batch_7.WMS_DHEP_RateShop_Validation" name="orderAllocation" time="2034.952"/>
  <testcase classname="WMS_Valid_Batch_7.WMS_FEPO_Rateshop_Validation" name="orderAllocation" time="264.946"/>
  <testcase classname="WMS_Valid_Batch_7.WMS_FGCG_Rateshop_Validation" name="orderAllocation" time="3300.386"/>
  <testcase classname="WMS_Valid_Batch_7.WMS_FGHD_RateShop_Validation" name="orderAllocation" time="1328.683"/>
  <testcase classname="WMS_Valid_Batch_7.WMS_ONTRAC_Rateshop_Validation" name="orderAllocation" time="536.525"/>
  <testcase classname="WMS_Valid_Batch_7.WMS_USSG_Rateshop_Validation" name="orderAllocation" time="525.395"/>
  <testcase classname="WMS_Valid_Batch_7.WMS_USFC_Rateshop_Validation" name="orderAllocation" time="524.823"/>
</testsuite> <!-- Rateshop -->
