<?xml version="1.0" encoding="UTF-8"?>
<!-- Generated by org.testng.reporters.JUnitReportReporter -->
<testsuite hostname="BYODIIcU3lIgowY" failures="0" tests="1" name="WMS_SinglesPackSort_Batch_8.WMS_PackSort_Singles_Cartons" time="3118.889" errors="0" timestamp="2023-09-04T16:20:10 IST" skipped="0">
  <testcase classname="WMS_SinglesPackSort_Batch_8.WMS_PackSort_Singles_Cartons" name="orderAllocation" time="3118.889"/>
</testsuite> <!-- WMS_SinglesPackSort_Batch_8.WMS_PackSort_Singles_Cartons -->
