<?xml version="1.0" encoding="UTF-8"?>
<!-- Generated by org.testng.reporters.JUnitXMLReporter -->
<testsuite ignored="4" hostname="LTIN145403" failures="1" tests="3" name="TestA1" time="430.613" errors="0" timestamp="2022-05-10T21:24:59 IST">
  <testcase classname="com.WMS_Utilities.WMS_TestBase" name="@AfterMethod afterMethod" time="0.001">
    <failure type="java.lang.NullPointerException" message="Cannot invoke &amp;quot;com.aventstack.extentreports.ExtentTest.log(com.aventstack.extentreports.Status, String)&amp;quot; because &amp;quot;this.test&amp;quot; is null">
      <![CDATA[java.lang.NullPointerException: Cannot invoke "com.aventstack.extentreports.ExtentTest.log(com.aventstack.extentreports.Status, String)" because "this.test" is null
at com.WMS_Utilities.WMS_TestBase.afterMethod(WMS_TestBase.java:258)
at java.base/java.util.ArrayList.forEach(ArrayList.java:1511)
... Removed 32 stack frames]]>
    </failure>
  </testcase> <!-- @AfterMethod afterMethod -->
  <testcase classname="WMS_TestCases.WMS_Cycle_Count_userdirected" name="cycleCountUserDirec" time="298.283"/>
  <testcase classname="WMS_TestCases.WMS_SingleBagPackage" name="orderAllocation" time="0.003">
    <failure type="java.lang.NullPointerException" message="Cannot invoke &amp;quot;com.aventstack.extentreports.ExtentReports.createTest(String)&amp;quot; because &amp;quot;this.extent&amp;quot; is null">
      <![CDATA[java.lang.NullPointerException: Cannot invoke "com.aventstack.extentreports.ExtentReports.createTest(String)" because "this.extent" is null
at WMS_TestCases.WMS_SingleBagPackage.orderAllocation(WMS_SingleBagPackage.java:100)
at java.base/java.util.ArrayList.forEach(ArrayList.java:1511)
... Removed 27 stack frames]]>
    </failure>
  </testcase> <!-- orderAllocation -->
  <testcase classname="WMS_TestCases.WMS_Test" name="cycleCountUserDirec" time="58.933"/>
  <testcase classname="com.WMS_Utilities.WMS_TestBase" name="@AfterTest tearDown" time="0.0">
    <ignored/>
  </testcase> <!-- @AfterTest tearDown -->
  <testcase classname="com.WMS_Utilities.WMS_TestBase" name="@AfterTest tearDown" time="0.0">
    <ignored/>
  </testcase> <!-- @AfterTest tearDown -->
  <testcase classname="com.WMS_Utilities.WMS_TestBase" name="@BeforeTest CreateSummary" time="0.0">
    <ignored/>
  </testcase> <!-- @BeforeTest CreateSummary -->
  <testcase classname="com.WMS_Utilities.WMS_TestBase" name="@BeforeTest CreateSummary" time="0.0">
    <ignored/>
  </testcase> <!-- @BeforeTest CreateSummary -->
</testsuite> <!-- TestA1 -->
