<?xml version="1.0" encoding="UTF-8"?>
<!-- Generated by org.testng.reporters.JUnitXMLReporter -->
<testsuite ignored="0" hostname="LTIN407945" failures="1" tests="6" name="PickShort_Order" time="7495.091" errors="0" timestamp="2023-03-08T18:49:17 IST">
  <testcase classname="WMS_PickSort_Batch_5.WMS_PST_Multis_Export" name="orderAllocation" time="1191.398"/>
  <testcase classname="WMS_PickSort_Batch_5.WMS_PST_Single_Gift_Card" name="orderAllocation" time="3266.542"/>
  <testcase classname="WMS_PickSort_Batch_5.WMS_PST_Singles_Bags" name="orderAllocation" time="39.5"/>
  <testcase classname="WMS_PickSort_Batch_5.WMS_PST_Singles_Cartons" name="orderAllocation" time="1115.61"/>
  <testcase classname="WMS_PickSort_Batch_5.WMS_PST_Singles_Gift_Wrap" name="orderAllocation" time="907.172"/>
  <testcase classname="WMS_PickSort_Batch_5.WMS_PST_MultisBag_Carton" name="orderAllocation" time="822.696">
    <failure type="java.lang.NullPointerException" message="Cannot invoke &amp;quot;com.WMS_ApplicationPages.WMS_LocationInventoryPage.clickInventoryBtn()&amp;quot; because &amp;quot;this.locationinventorypage&amp;quot; is null">
      <![CDATA[java.lang.NullPointerException: Cannot invoke "com.WMS_ApplicationPages.WMS_LocationInventoryPage.clickInventoryBtn()" because "this.locationinventorypage" is null
at WMS_PickSort_Batch_5.WMS_PST_MultisBag_Carton.orderAllocation(WMS_PST_MultisBag_Carton.java:744)
at java.base/java.util.ArrayList.forEach(ArrayList.java:1511)
... Removed 27 stack frames]]>
    </failure>
  </testcase> <!-- orderAllocation -->
</testsuite> <!-- PickShort_Order -->
