<?xml version="1.0" encoding="UTF-8"?>
<!-- Generated by org.testng.reporters.JUnitXMLReporter -->
<testsuite ignored="0" hostname="LTIN407945" failures="0" tests="5" name="suite_2" time="2260.241" errors="0" timestamp="2022-10-13T11:52:48 IST">
  <testcase classname="WMS_Valid_Batch_7.WMS_FEPO_Rateshop_Validation" name="orderAllocation" time="178.993"/>
  <testcase classname="WMS_Valid_Batch_7.WMS_FGCG_Rateshop_Validation" name="orderAllocation" time="100.317"/>
  <testcase classname="WMS_Valid_Batch_7.WMS_FGHD_RateShop_Validation" name="orderAllocation" time="544.031"/>
  <testcase classname="WMS_Valid_Batch_7.WMS_ONTRAC_Rateshop_Validation" name="orderAllocation" time="749.594"/>
  <testcase classname="WMS_Valid_Batch_7.WMS_USSG_Rateshop_Validation" name="orderAllocation" time="575.752"/>
</testsuite> <!-- suite_2 -->
